Using pre-set license
Built from '2021.3/staging' branch; Version is '2021.3.20f1 (577897200b8b) revision 5732503'; Using compiler version '192829333'; Build Type 'Release'
OS: 'Windows 10  (10.0.19044) 64bit Professional' Language: 'pt' Physical Memory: 16333 MB
BatchMode: 1, IsHumanControllingUs: 0, StartBugReporterOnCrash: 0, Is64bit: 1, IsPro: 1

COMMAND LINE ARGUMENTS:
C:\Program Files\Unity\Hub\Editor\2021.3.20f1\Editor\Unity.exe
-adb2
-batchMode
-noUpm
-name
AssetImportWorker1
-projectPath
E:/Tower-Defense-game/Breadth_First_Search
-logFile
Logs/AssetImportWorker1.log
-srvPort
58408
Successfully changed project path to: E:/Tower-Defense-game/Breadth_First_Search
E:/Tower-Defense-game/Breadth_First_Search
[UnityMemory] Configuration Parameters - Can be set up in boot.config
    "memorysetup-bucket-allocator-granularity=16"
    "memorysetup-bucket-allocator-bucket-count=8"
    "memorysetup-bucket-allocator-block-size=33554432"
    "memorysetup-bucket-allocator-block-count=8"
    "memorysetup-main-allocator-block-size=16777216"
    "memorysetup-thread-allocator-block-size=16777216"
    "memorysetup-gfx-main-allocator-block-size=16777216"
    "memorysetup-gfx-thread-allocator-block-size=16777216"
    "memorysetup-cache-allocator-block-size=4194304"
    "memorysetup-typetree-allocator-block-size=2097152"
    "memorysetup-profiler-bucket-allocator-granularity=16"
    "memorysetup-profiler-bucket-allocator-bucket-count=8"
    "memorysetup-profiler-bucket-allocator-block-size=33554432"
    "memorysetup-profiler-bucket-allocator-block-count=8"
    "memorysetup-profiler-allocator-block-size=16777216"
    "memorysetup-profiler-editor-allocator-block-size=1048576"
    "memorysetup-temp-allocator-size-main=16777216"
    "memorysetup-job-temp-allocator-block-size=2097152"
    "memorysetup-job-temp-allocator-block-size-background=1048576"
    "memorysetup-job-temp-allocator-reduction-small-platforms=262144"
    "memorysetup-temp-allocator-size-background-worker=32768"
    "memorysetup-temp-allocator-size-job-worker=262144"
    "memorysetup-temp-allocator-size-preload-manager=33554432"
    "memorysetup-temp-allocator-size-nav-mesh-worker=65536"
    "memorysetup-temp-allocator-size-audio-worker=65536"
    "memorysetup-temp-allocator-size-cloud-worker=32768"
    "memorysetup-temp-allocator-size-gi-baking-worker=262144"
    "memorysetup-temp-allocator-size-gfx=262144"
Player connection [8928] Host "[IP] 192.168.0.105 [Port] 0 [Flags] 2 [Guid] 2997591101 [EditorId] 2997591101 [Version] 1048832 [Id] WindowsEditor(7,DESKTOP-KM3CPJR) [Debug] 1 [PackageName] WindowsEditor [ProjectName] Editor" joined multi-casting on [225.0.0.222:54997]...

Player connection [8928] Host "[IP] 192.168.0.105 [Port] 0 [Flags] 2 [Guid] 2997591101 [EditorId] 2997591101 [Version] 1048832 [Id] WindowsEditor(7,DESKTOP-KM3CPJR) [Debug] 1 [PackageName] WindowsEditor [ProjectName] Editor" joined alternative multi-casting on [225.0.0.222:34997]...

Refreshing native plugins compatible for Editor in 58.98 ms, found 2 plugins.
Preloading 0 native plugins for Editor in 0.00 ms.
Initialize engine version: 2021.3.20f1 (577897200b8b)
[Subsystems] Discovering subsystems at path C:/Program Files/Unity/Hub/Editor/2021.3.20f1/Editor/Data/Resources/UnitySubsystems
[Subsystems] Discovering subsystems at path E:/Tower-Defense-game/Breadth_First_Search/Assets
GfxDevice: creating device client; threaded=0; jobified=0
Direct3D:
    Version:  Direct3D 11.0 [level 11.1]
    Renderer: NVIDIA GeForce RTX 2060 (ID=0x1e89)
    Vendor:   NVIDIA
    VRAM:     5958 MB
    Driver:   31.0.15.3179
Initialize mono
Mono path[0] = 'C:/Program Files/Unity/Hub/Editor/2021.3.20f1/Editor/Data/Managed'
Mono path[1] = 'C:/Program Files/Unity/Hub/Editor/2021.3.20f1/Editor/Data/MonoBleedingEdge/lib/mono/unityjit-win32'
Mono config path = 'C:/Program Files/Unity/Hub/Editor/2021.3.20f1/Editor/Data/MonoBleedingEdge/etc'
Using monoOptions --debugger-agent=transport=dt_socket,embedding=1,server=y,suspend=n,address=127.0.0.1:56328
Begin MonoManager ReloadAssembly
Registering precompiled unity dll's ...
Register platform support module: C:/Program Files/Unity/Hub/Editor/2021.3.20f1/Editor/Data/PlaybackEngines/WindowsStandaloneSupport/UnityEditor.WindowsStandalone.Extensions.dll
Registered in 0.012021 seconds.
Native extension for WindowsStandalone target not found
Refreshing native plugins compatible for Editor in 53.09 ms, found 2 plugins.
Preloading 0 native plugins for Editor in 0.00 ms.
Mono: successfully reloaded assembly
- Completed reload, in  0.762 seconds
Domain Reload Profiling:
	ReloadAssembly (763ms)
		BeginReloadAssembly (116ms)
			ExecutionOrderSort (0ms)
			DisableScriptedObjects (0ms)
			BackupInstance (0ms)
			ReleaseScriptingObjects (0ms)
			CreateAndSetChildDomain (1ms)
		EndReloadAssembly (509ms)
			LoadAssemblies (111ms)
			RebuildTransferFunctionScriptingTraits (0ms)
			SetupTypeCache (132ms)
			ReleaseScriptCaches (0ms)
			RebuildScriptCaches (31ms)
			SetupLoadedEditorAssemblies (278ms)
				LogAssemblyErrors (0ms)
				InitializePlatformSupportModulesInManaged (10ms)
				SetLoadedEditorAssemblies (0ms)
				RefreshPlugins (53ms)
				BeforeProcessingInitializeOnLoad (1ms)
				ProcessInitializeOnLoadAttributes (151ms)
				ProcessInitializeOnLoadMethodAttributes (62ms)
				AfterProcessingInitializeOnLoad (0ms)
				EditorAssembliesLoaded (0ms)
			ExecutionOrderSort2 (0ms)
			AwakeInstancesAfterBackupRestoration (0ms)
Platform modules already initialized, skipping
Registering precompiled user dll's ...
Registered in 0.007436 seconds.
Begin MonoManager ReloadAssembly
Native extension for WindowsStandalone target not found
Refreshing native plugins compatible for Editor in 0.99 ms, found 2 plugins.
Preloading 0 native plugins for Editor in 0.00 ms.
Mono: successfully reloaded assembly
- Completed reload, in  1.328 seconds
Domain Reload Profiling:
	ReloadAssembly (1329ms)
		BeginReloadAssembly (162ms)
			ExecutionOrderSort (0ms)
			DisableScriptedObjects (7ms)
			BackupInstance (0ms)
			ReleaseScriptingObjects (0ms)
			CreateAndSetChildDomain (23ms)
		EndReloadAssembly (1013ms)
			LoadAssemblies (120ms)
			RebuildTransferFunctionScriptingTraits (0ms)
			SetupTypeCache (241ms)
			ReleaseScriptCaches (1ms)
			RebuildScriptCaches (61ms)
			SetupLoadedEditorAssemblies (564ms)
				LogAssemblyErrors (0ms)
				InitializePlatformSupportModulesInManaged (9ms)
				SetLoadedEditorAssemblies (1ms)
				RefreshPlugins (1ms)
				BeforeProcessingInitializeOnLoad (92ms)
				ProcessInitializeOnLoadAttributes (283ms)
				ProcessInitializeOnLoadMethodAttributes (163ms)
				AfterProcessingInitializeOnLoad (15ms)
				EditorAssembliesLoaded (0ms)
			ExecutionOrderSort2 (0ms)
			AwakeInstancesAfterBackupRestoration (8ms)
Platform modules already initialized, skipping
========================================================================
Worker process is ready to serve import requests
Launched and connected shader compiler UnityShaderCompiler.exe after 0.07 seconds
Refreshing native plugins compatible for Editor in 1.09 ms, found 2 plugins.
Preloading 0 native plugins for Editor in 0.00 ms.
Unloading 2348 Unused Serialized files (Serialized files now loaded: 0)
Unloading 63 unused Assets / (57.7 KB). Loaded Objects now: 2787.
Memory consumption went from 90.3 MB to 90.2 MB.
Total: 7.835600 ms (FindLiveObjects: 0.271500 ms CreateObjectMapping: 0.073700 ms MarkObjects: 7.381800 ms  DeleteObjects: 0.107000 ms)

AssetImportParameters requested are different than current active one (requested -> active):
  custom:video-decoder-ogg-theora: a1e56fd34408186e4bbccfd4996cb3dc -> 
  custom:container-muxer-webm: aa71ff27fc2769a1b78a27578f13a17b -> 
  custom:container-demuxer-webm: 4f35f7cbe854078d1ac9338744f61a02 -> 
  custom:video-encoder-webm-vp8: eb34c28f22e8b96e1ab97ce403110664 -> 
  custom:audio-encoder-webm-vorbis: bf7c407c2cedff20999df2af8eb42d56 -> 
  custom:framework-win-MediaFoundation: 216162199b28c13a410421893ffa2e32 -> 
  custom:container-demuxer-ogg: 62fdf1f143b41e24485cea50d1cbac27 -> 
  custom:video-decoder-webm-vp8: 9c59270c3fd7afecdb556c50c9e8de78 -> 
  custom:audio-decoder-ogg-vorbis: bf7c407c2cedff20999df2af8eb42d56 -> 
========================================================================
Received Import Request.
  Time since last request: 2049236.087232 seconds.
  path: Assets/Thiago/Prefabs/Torret.prefab
  artifactKey: Guid(0287dd425e298bf438fde2f509e520e2) Importer(815301076,1909f56bfc062723c751e8b465ee728b)
Start importing Assets/Thiago/Prefabs/Torret.prefab using Guid(0287dd425e298bf438fde2f509e520e2) Importer(815301076,1909f56bfc062723c751e8b465ee728b)  -> (artifact id: '53ed5b2f18422c8d5474f1375e0330a0') in 0.225523 seconds 
========================================================================
Received Import Request.
  Time since last request: 2.201682 seconds.
  path: Assets/Prefabs/Player.prefab
  artifactKey: Guid(7566d14a94e2b124485ea0a9faea8c02) Importer(815301076,1909f56bfc062723c751e8b465ee728b)
Start importing Assets/Prefabs/Player.prefab using Guid(7566d14a94e2b124485ea0a9faea8c02) Importer(815301076,1909f56bfc062723c751e8b465ee728b)  -> (artifact id: 'a8c9573af85811a473f08d6c284854ac') in 0.031788 seconds 
========================================================================
Received Import Request.
  Time since last request: 5.608398 seconds.
  path: Assets/Material/Ground 1.mat
  artifactKey: Guid(c5d4993fc6c6493478f412b0576c15e5) Importer(815301076,1909f56bfc062723c751e8b465ee728b)
Start importing Assets/Material/Ground 1.mat using Guid(c5d4993fc6c6493478f412b0576c15e5) Importer(815301076,1909f56bfc062723c751e8b465ee728b)  -> (artifact id: '20ca6eb49609571647755842ac6da284') in 0.174098 seconds 
========================================================================
Received Import Request.
  Time since last request: 15.040876 seconds.
  path: Assets/Wave_coisas/ver.mat
  artifactKey: Guid(2f50b8b0936b8054b9c4e3e3b2469f9b) Importer(815301076,1909f56bfc062723c751e8b465ee728b)
Start importing Assets/Wave_coisas/ver.mat using Guid(2f50b8b0936b8054b9c4e3e3b2469f9b) Importer(815301076,1909f56bfc062723c751e8b465ee728b)  -> (artifact id: '0d7c0ddb4746dc2e4ae40554e222df19') in 0.056105 seconds 
========================================================================
Received Prepare
Registering precompiled user dll's ...
Registered in 0.006674 seconds.
Begin MonoManager ReloadAssembly
Native extension for WindowsStandalone target not found
Refreshing native plugins compatible for Editor in 0.75 ms, found 2 plugins.
Preloading 0 native plugins for Editor in 0.00 ms.
Mono: successfully reloaded assembly
- Completed reload, in  1.342 seconds
Domain Reload Profiling:
	ReloadAssembly (1343ms)
		BeginReloadAssembly (184ms)
			ExecutionOrderSort (0ms)
			DisableScriptedObjects (8ms)
			BackupInstance (0ms)
			ReleaseScriptingObjects (0ms)
			CreateAndSetChildDomain (37ms)
		EndReloadAssembly (1019ms)
			LoadAssemblies (120ms)
			RebuildTransferFunctionScriptingTraits (0ms)
			SetupTypeCache (261ms)
			ReleaseScriptCaches (1ms)
			RebuildScriptCaches (61ms)
			SetupLoadedEditorAssemblies (546ms)
				LogAssemblyErrors (0ms)
				InitializePlatformSupportModulesInManaged (8ms)
				SetLoadedEditorAssemblies (1ms)
				RefreshPlugins (1ms)
				BeforeProcessingInitializeOnLoad (87ms)
				ProcessInitializeOnLoadAttributes (269ms)
				ProcessInitializeOnLoadMethodAttributes (165ms)
				AfterProcessingInitializeOnLoad (15ms)
				EditorAssembliesLoaded (0ms)
			ExecutionOrderSort2 (0ms)
			AwakeInstancesAfterBackupRestoration (8ms)
Platform modules already initialized, skipping
Refreshing native plugins compatible for Editor in 5.15 ms, found 2 plugins.
Preloading 0 native plugins for Editor in 0.00 ms.
Unloading 2342 Unused Serialized files (Serialized files now loaded: 0)
Unloading 52 unused Assets / (33.0 KB). Loaded Objects now: 2833.
Memory consumption went from 94.1 MB to 94.1 MB.
Total: 7.518500 ms (FindLiveObjects: 0.209300 ms CreateObjectMapping: 0.059500 ms MarkObjects: 7.206000 ms  DeleteObjects: 0.042300 ms)

AssetImportParameters requested are different than current active one (requested -> active):
  custom:video-decoder-ogg-theora: a1e56fd34408186e4bbccfd4996cb3dc -> 
  custom:container-muxer-webm: aa71ff27fc2769a1b78a27578f13a17b -> 
  custom:container-demuxer-webm: 4f35f7cbe854078d1ac9338744f61a02 -> 
  custom:video-encoder-webm-vp8: eb34c28f22e8b96e1ab97ce403110664 -> 
  custom:audio-encoder-webm-vorbis: bf7c407c2cedff20999df2af8eb42d56 -> 
  custom:framework-win-MediaFoundation: 216162199b28c13a410421893ffa2e32 -> 
  custom:container-demuxer-ogg: 62fdf1f143b41e24485cea50d1cbac27 -> 
  custom:video-decoder-webm-vp8: 9c59270c3fd7afecdb556c50c9e8de78 -> 
  custom:audio-decoder-ogg-vorbis: bf7c407c2cedff20999df2af8eb42d56 -> 
========================================================================
Received Import Request.
  Time since last request: 26.189527 seconds.
  path: Assets/Thomas/Foliage/Shaded/sprite_0053.png
  artifactKey: Guid(98bebb288c4e514489120a19f169655e) Importer(815301076,1909f56bfc062723c751e8b465ee728b)
Start importing Assets/Thomas/Foliage/Shaded/sprite_0053.png using Guid(98bebb288c4e514489120a19f169655e) Importer(815301076,1909f56bfc062723c751e8b465ee728b)  -> (artifact id: '58a5b9033e5c50514a74825b56c6621a') in 0.517911 seconds 
========================================================================
Received Import Request.
  Time since last request: 0.000030 seconds.
  path: Assets/Thomas/Foliage/Shaded/sprite_0066.png
  artifactKey: Guid(7a96d7bf3406b0e49926b91a27298ed6) Importer(815301076,1909f56bfc062723c751e8b465ee728b)
Start importing Assets/Thomas/Foliage/Shaded/sprite_0066.png using Guid(7a96d7bf3406b0e49926b91a27298ed6) Importer(815301076,1909f56bfc062723c751e8b465ee728b)  -> (artifact id: '97b74667874b9d0e655ce71ffccec13d') in 0.097875 seconds 
========================================================================
Received Import Request.
  Time since last request: 0.000038 seconds.
  path: Assets/Thomas/Foliage/Shaded/sprite_0060.png
  artifactKey: Guid(6691e4d529fc36940a5043abc63a5bb9) Importer(815301076,1909f56bfc062723c751e8b465ee728b)
Start importing Assets/Thomas/Foliage/Shaded/sprite_0060.png using Guid(6691e4d529fc36940a5043abc63a5bb9) Importer(815301076,1909f56bfc062723c751e8b465ee728b)  -> (artifact id: '67350cb54d1f7a489c20ae5697e5cf87') in 0.085455 seconds 
========================================================================
Received Import Request.
  Time since last request: 0.000017 seconds.
  path: Assets/Thomas/Foliage/Shaded/sprite_0064.png
  artifactKey: Guid(f8bab64003e0a264bb94d95454c1743e) Importer(815301076,1909f56bfc062723c751e8b465ee728b)
Start importing Assets/Thomas/Foliage/Shaded/sprite_0064.png using Guid(f8bab64003e0a264bb94d95454c1743e) Importer(815301076,1909f56bfc062723c751e8b465ee728b)  -> (artifact id: '6285e84136b2e91cd0cc5dd9a8c1e170') in 0.081474 seconds 
========================================================================
Received Import Request.
  Time since last request: 0.000023 seconds.
  path: Assets/Thomas/Foliage/Shaded/sprite_0077.png
  artifactKey: Guid(86859a940c108e64bab523e78542cbab) Importer(815301076,1909f56bfc062723c751e8b465ee728b)
Start importing Assets/Thomas/Foliage/Shaded/sprite_0077.png using Guid(86859a940c108e64bab523e78542cbab) Importer(815301076,1909f56bfc062723c751e8b465ee728b)  -> (artifact id: '15af06d3f79ad3c9612fec9dd1c7d231') in 0.092704 seconds 
========================================================================
Received Import Request.
  Time since last request: 0.000023 seconds.
  path: Assets/Thomas/Foliage/Shaded/sprite_0071.png
  artifactKey: Guid(5fc844ec45dde884eb252a216056d382) Importer(815301076,1909f56bfc062723c751e8b465ee728b)
Start importing Assets/Thomas/Foliage/Shaded/sprite_0071.png using Guid(5fc844ec45dde884eb252a216056d382) Importer(815301076,1909f56bfc062723c751e8b465ee728b)  -> (artifact id: 'cf6c64e0a4ca2374104fdaa4a0160ed4') in 0.071965 seconds 
========================================================================
Received Import Request.
  Time since last request: 0.000034 seconds.
  path: Assets/Thomas/Foliage/Shaded/sprite_0058.png
  artifactKey: Guid(d8a15bfabb7e89542ae0a66f305758cc) Importer(815301076,1909f56bfc062723c751e8b465ee728b)
Start importing Assets/Thomas/Foliage/Shaded/sprite_0058.png using Guid(d8a15bfabb7e89542ae0a66f305758cc) Importer(815301076,1909f56bfc062723c751e8b465ee728b)  -> (artifact id: '161cbc9db879fc8ceb6c2d569e6a7018') in 0.075985 seconds 
========================================================================
Received Import Request.
  Time since last request: 0.000027 seconds.
  path: Assets/Thomas/Foliage/Shaded/sprite_0072.png
  artifactKey: Guid(d96c48025c3b15744aa93293659f06f9) Importer(815301076,1909f56bfc062723c751e8b465ee728b)
Start importing Assets/Thomas/Foliage/Shaded/sprite_0072.png using Guid(d96c48025c3b15744aa93293659f06f9) Importer(815301076,1909f56bfc062723c751e8b465ee728b)  -> (artifact id: '1cf4f9bd7dac90771a4ed515f316ae89') in 0.084130 seconds 
========================================================================
Received Import Request.
  Time since last request: 0.000016 seconds.
  path: Assets/Thomas/Foliage/Shaded/sprite_0067.png
  artifactKey: Guid(21ff6f5119c07c0419213319ced85ef2) Importer(815301076,1909f56bfc062723c751e8b465ee728b)
Start importing Assets/Thomas/Foliage/Shaded/sprite_0067.png using Guid(21ff6f5119c07c0419213319ced85ef2) Importer(815301076,1909f56bfc062723c751e8b465ee728b)  -> (artifact id: '71d50323bb372e8ca28c2d5cbdb81cac') in 0.074479 seconds 
========================================================================
Received Import Request.
  Time since last request: 0.000019 seconds.
  path: Assets/Thomas/Foliage/Shaded/sprite_0073.png
  artifactKey: Guid(b472c160a763aa74bbe0bbecead987ae) Importer(815301076,1909f56bfc062723c751e8b465ee728b)
Start importing Assets/Thomas/Foliage/Shaded/sprite_0073.png using Guid(b472c160a763aa74bbe0bbecead987ae) Importer(815301076,1909f56bfc062723c751e8b465ee728b)  -> (artifact id: '092b4853a035c82243a871d123e89ec2') in 0.084572 seconds 
========================================================================
Received Import Request.
  Time since last request: 0.000030 seconds.
  path: Assets/Thomas/Foliage/Shaded/sprite_0065.png
  artifactKey: Guid(02aab9f41cbc22742a63a1437b4b5f5a) Importer(815301076,1909f56bfc062723c751e8b465ee728b)
Start importing Assets/Thomas/Foliage/Shaded/sprite_0065.png using Guid(02aab9f41cbc22742a63a1437b4b5f5a) Importer(815301076,1909f56bfc062723c751e8b465ee728b)  -> (artifact id: '107e9d9899d242af95dc366298ca5cc9') in 0.073402 seconds 
========================================================================
Received Import Request.
  Time since last request: 0.000017 seconds.
  path: Assets/Thomas/Foliage/Shaded/sprite_0061.png
  artifactKey: Guid(a459042f1f3580b419f880199a131cfd) Importer(815301076,1909f56bfc062723c751e8b465ee728b)
Start importing Assets/Thomas/Foliage/Shaded/sprite_0061.png using Guid(a459042f1f3580b419f880199a131cfd) Importer(815301076,1909f56bfc062723c751e8b465ee728b)  -> (artifact id: 'ceb476a3c90aabacca30756d67721649') in 0.101312 seconds 
========================================================================
Received Import Request.
  Time since last request: 0.000017 seconds.
  path: Assets/Thomas/Foliage/Shaded/sprite_0074.png
  artifactKey: Guid(b3345105917f942499ed8569354f9ad0) Importer(815301076,1909f56bfc062723c751e8b465ee728b)
Start importing Assets/Thomas/Foliage/Shaded/sprite_0074.png using Guid(b3345105917f942499ed8569354f9ad0) Importer(815301076,1909f56bfc062723c751e8b465ee728b)  -> (artifact id: 'c287fac622f46801599d327dd3ea0711') in 0.083517 seconds 
========================================================================
Received Import Request.
  Time since last request: 0.000024 seconds.
  path: Assets/Thomas/Foliage/Shaded/sprite_0069.png
  artifactKey: Guid(8e2c1c6e23050dd43aae5e05d9e17b2e) Importer(815301076,1909f56bfc062723c751e8b465ee728b)
Start importing Assets/Thomas/Foliage/Shaded/sprite_0069.png using Guid(8e2c1c6e23050dd43aae5e05d9e17b2e) Importer(815301076,1909f56bfc062723c751e8b465ee728b)  -> (artifact id: '68702049303a3928f4892bf793c53604') in 0.083975 seconds 
========================================================================
Received Import Request.
  Time since last request: 0.000030 seconds.
  path: Assets/Thomas/Foliage/Shaded/sprite_0054.png
  artifactKey: Guid(6e138dfd08568794dadf8a1cc9c2b9ec) Importer(815301076,1909f56bfc062723c751e8b465ee728b)
Start importing Assets/Thomas/Foliage/Shaded/sprite_0054.png using Guid(6e138dfd08568794dadf8a1cc9c2b9ec) Importer(815301076,1909f56bfc062723c751e8b465ee728b)  -> (artifact id: '9b328cc728ea07ba42221ff70e684e43') in 0.070533 seconds 
========================================================================
Received Prepare
Registering precompiled user dll's ...
Registered in 0.007308 seconds.
Begin MonoManager ReloadAssembly
Native extension for WindowsStandalone target not found
Refreshing native plugins compatible for Editor in 0.79 ms, found 2 plugins.
Preloading 0 native plugins for Editor in 0.00 ms.
Mono: successfully reloaded assembly
- Completed reload, in  1.430 seconds
Domain Reload Profiling:
	ReloadAssembly (1431ms)
		BeginReloadAssembly (191ms)
			ExecutionOrderSort (0ms)
			DisableScriptedObjects (9ms)
			BackupInstance (0ms)
			ReleaseScriptingObjects (0ms)
			CreateAndSetChildDomain (43ms)
		EndReloadAssembly (1086ms)
			LoadAssemblies (128ms)
			RebuildTransferFunctionScriptingTraits (0ms)
			SetupTypeCache (294ms)
			ReleaseScriptCaches (2ms)
			RebuildScriptCaches (67ms)
			SetupLoadedEditorAssemblies (561ms)
				LogAssemblyErrors (0ms)
				InitializePlatformSupportModulesInManaged (8ms)
				SetLoadedEditorAssemblies (1ms)
				RefreshPlugins (1ms)
				BeforeProcessingInitializeOnLoad (87ms)
				ProcessInitializeOnLoadAttributes (265ms)
				ProcessInitializeOnLoadMethodAttributes (182ms)
				AfterProcessingInitializeOnLoad (17ms)
				EditorAssembliesLoaded (0ms)
			ExecutionOrderSort2 (0ms)
			AwakeInstancesAfterBackupRestoration (9ms)
Platform modules already initialized, skipping
Refreshing native plugins compatible for Editor in 6.78 ms, found 2 plugins.
Preloading 0 native plugins for Editor in 0.00 ms.
Unloading 2342 Unused Serialized files (Serialized files now loaded: 0)
Unloading 52 unused Assets / (33.0 KB). Loaded Objects now: 2839.
Memory consumption went from 94.2 MB to 94.2 MB.
Total: 7.579200 ms (FindLiveObjects: 0.271200 ms CreateObjectMapping: 0.111600 ms MarkObjects: 7.159100 ms  DeleteObjects: 0.035700 ms)

AssetImportParameters requested are different than current active one (requested -> active):
  custom:video-decoder-ogg-theora: a1e56fd34408186e4bbccfd4996cb3dc -> 
  custom:container-muxer-webm: aa71ff27fc2769a1b78a27578f13a17b -> 
  custom:container-demuxer-webm: 4f35f7cbe854078d1ac9338744f61a02 -> 
  custom:video-encoder-webm-vp8: eb34c28f22e8b96e1ab97ce403110664 -> 
  custom:audio-encoder-webm-vorbis: bf7c407c2cedff20999df2af8eb42d56 -> 
  custom:framework-win-MediaFoundation: 216162199b28c13a410421893ffa2e32 -> 
  custom:container-demuxer-ogg: 62fdf1f143b41e24485cea50d1cbac27 -> 
  custom:video-decoder-webm-vp8: 9c59270c3fd7afecdb556c50c9e8de78 -> 
  custom:audio-decoder-ogg-vorbis: bf7c407c2cedff20999df2af8eb42d56 -> 
Editor requested this worker to shutdown with reason: Scaling down because of idle timeout
AssetImportWorker is now disconnected from the server
Process exiting
Exiting without the bug reporter. Application will terminate with return code 0