Using pre-set license
Built from '2021.3/staging' branch; Version is '2021.3.20f1 (577897200b8b) revision 5732503'; Using compiler version '192829333'; Build Type 'Release'
OS: 'Windows 11  (10.0.22000) 64bit Professional' Language: 'pt' Physical Memory: 16313 MB
BatchMode: 1, IsHumanControllingUs: 0, StartBugReporterOnCrash: 0, Is64bit: 1, IsPro: 1

COMMAND LINE ARGUMENTS:
C:\Program Files\Unity\Hub\Editor\2021.3.20f1\Editor\Unity.exe
-adb2
-batchMode
-noUpm
-name
AssetImportWorker3
-projectPath
C:/Users/firel/Downloads/tower defense bfs/Tower-Defense-game/Breadth_First_Search
-logFile
Logs/AssetImportWorker3.log
-srvPort
51720
Successfully changed project path to: C:/Users/firel/Downloads/tower defense bfs/Tower-Defense-game/Breadth_First_Search
C:/Users/firel/Downloads/tower defense bfs/Tower-Defense-game/Breadth_First_Search
[UnityMemory] Configuration Parameters - Can be set up in boot.config
    "memorysetup-bucket-allocator-granularity=16"
    "memorysetup-bucket-allocator-bucket-count=8"
    "memorysetup-bucket-allocator-block-size=33554432"
    "memorysetup-bucket-allocator-block-count=8"
    "memorysetup-main-allocator-block-size=16777216"
    "memorysetup-thread-allocator-block-size=16777216"
    "memorysetup-gfx-main-allocator-block-size=16777216"
    "memorysetup-gfx-thread-allocator-block-size=16777216"
    "memorysetup-cache-allocator-block-size=4194304"
    "memorysetup-typetree-allocator-block-size=2097152"
    "memorysetup-profiler-bucket-allocator-granularity=16"
    "memorysetup-profiler-bucket-allocator-bucket-count=8"
    "memorysetup-profiler-bucket-allocator-block-size=33554432"
    "memorysetup-profiler-bucket-allocator-block-count=8"
    "memorysetup-profiler-allocator-block-size=16777216"
    "memorysetup-profiler-editor-allocator-block-size=1048576"
    "memorysetup-temp-allocator-size-main=16777216"
    "memorysetup-job-temp-allocator-block-size=2097152"
    "memorysetup-job-temp-allocator-block-size-background=1048576"
    "memorysetup-job-temp-allocator-reduction-small-platforms=262144"
    "memorysetup-temp-allocator-size-background-worker=32768"
    "memorysetup-temp-allocator-size-job-worker=262144"
    "memorysetup-temp-allocator-size-preload-manager=33554432"
    "memorysetup-temp-allocator-size-nav-mesh-worker=65536"
    "memorysetup-temp-allocator-size-audio-worker=65536"
    "memorysetup-temp-allocator-size-cloud-worker=32768"
    "memorysetup-temp-allocator-size-gi-baking-worker=262144"
    "memorysetup-temp-allocator-size-gfx=262144"
Player connection [9648] Host "[IP] 192.168.0.15 [Port] 0 [Flags] 2 [Guid] 2900154952 [EditorId] 2900154952 [Version] 1048832 [Id] WindowsEditor(7,DESKTOP-9Q7JF8R) [Debug] 1 [PackageName] WindowsEditor [ProjectName] Editor" joined multi-casting on [225.0.0.222:54997]...

Player connection [9648] Host "[IP] 192.168.0.15 [Port] 0 [Flags] 2 [Guid] 2900154952 [EditorId] 2900154952 [Version] 1048832 [Id] WindowsEditor(7,DESKTOP-9Q7JF8R) [Debug] 1 [PackageName] WindowsEditor [ProjectName] Editor" joined alternative multi-casting on [225.0.0.222:34997]...

Refreshing native plugins compatible for Editor in 174.36 ms, found 2 plugins.
Preloading 0 native plugins for Editor in 0.00 ms.
Initialize engine version: 2021.3.20f1 (577897200b8b)
[Subsystems] Discovering subsystems at path C:/Program Files/Unity/Hub/Editor/2021.3.20f1/Editor/Data/Resources/UnitySubsystems
[Subsystems] Discovering subsystems at path C:/Users/firel/Downloads/tower defense bfs/Tower-Defense-game/Breadth_First_Search/Assets
GfxDevice: creating device client; threaded=0; jobified=0
Direct3D:
    Version:  Direct3D 11.0 [level 11.1]
    Renderer: NVIDIA GeForce GTX 1050 Ti (ID=0x1c82)
    Vendor:   NVIDIA
    VRAM:     4017 MB
    Driver:   31.0.15.2802
Initialize mono
Mono path[0] = 'C:/Program Files/Unity/Hub/Editor/2021.3.20f1/Editor/Data/Managed'
Mono path[1] = 'C:/Program Files/Unity/Hub/Editor/2021.3.20f1/Editor/Data/MonoBleedingEdge/lib/mono/unityjit-win32'
Mono config path = 'C:/Program Files/Unity/Hub/Editor/2021.3.20f1/Editor/Data/MonoBleedingEdge/etc'
Using monoOptions --debugger-agent=transport=dt_socket,embedding=1,server=y,suspend=n,address=127.0.0.1:56996
Begin MonoManager ReloadAssembly
Registering precompiled unity dll's ...
Register platform support module: C:/Program Files/Unity/Hub/Editor/2021.3.20f1/Editor/Data/PlaybackEngines/WindowsStandaloneSupport/UnityEditor.WindowsStandalone.Extensions.dll
Registered in 0.007909 seconds.
Native extension for WindowsStandalone target not found
Refreshing native plugins compatible for Editor in 61.93 ms, found 2 plugins.
Preloading 0 native plugins for Editor in 0.00 ms.
Mono: successfully reloaded assembly
- Completed reload, in  0.952 seconds
Domain Reload Profiling:
	ReloadAssembly (953ms)
		BeginReloadAssembly (118ms)
			ExecutionOrderSort (0ms)
			DisableScriptedObjects (0ms)
			BackupInstance (0ms)
			ReleaseScriptingObjects (0ms)
			CreateAndSetChildDomain (1ms)
		EndReloadAssembly (689ms)
			LoadAssemblies (114ms)
			RebuildTransferFunctionScriptingTraits (0ms)
			SetupTypeCache (152ms)
			ReleaseScriptCaches (0ms)
			RebuildScriptCaches (35ms)
			SetupLoadedEditorAssemblies (425ms)
				LogAssemblyErrors (0ms)
				InitializePlatformSupportModulesInManaged (12ms)
				SetLoadedEditorAssemblies (0ms)
				RefreshPlugins (62ms)
				BeforeProcessingInitializeOnLoad (3ms)
				ProcessInitializeOnLoadAttributes (247ms)
				ProcessInitializeOnLoadMethodAttributes (101ms)
				AfterProcessingInitializeOnLoad (0ms)
				EditorAssembliesLoaded (0ms)
			ExecutionOrderSort2 (0ms)
			AwakeInstancesAfterBackupRestoration (0ms)
Platform modules already initialized, skipping
Registering precompiled user dll's ...
Registered in 0.011798 seconds.
Begin MonoManager ReloadAssembly
Native extension for WindowsStandalone target not found
Refreshing native plugins compatible for Editor in 1.13 ms, found 2 plugins.
Preloading 0 native plugins for Editor in 0.00 ms.
Mono: successfully reloaded assembly
- Completed reload, in  1.964 seconds
Domain Reload Profiling:
	ReloadAssembly (1965ms)
		BeginReloadAssembly (221ms)
			ExecutionOrderSort (0ms)
			DisableScriptedObjects (11ms)
			BackupInstance (0ms)
			ReleaseScriptingObjects (0ms)
			CreateAndSetChildDomain (31ms)
		EndReloadAssembly (1531ms)
			LoadAssemblies (182ms)
			RebuildTransferFunctionScriptingTraits (0ms)
			SetupTypeCache (363ms)
			ReleaseScriptCaches (1ms)
			RebuildScriptCaches (84ms)
			SetupLoadedEditorAssemblies (826ms)
				LogAssemblyErrors (0ms)
				InitializePlatformSupportModulesInManaged (9ms)
				SetLoadedEditorAssemblies (1ms)
				RefreshPlugins (1ms)
				BeforeProcessingInitializeOnLoad (119ms)
				ProcessInitializeOnLoadAttributes (401ms)
				ProcessInitializeOnLoadMethodAttributes (280ms)
				AfterProcessingInitializeOnLoad (14ms)
				EditorAssembliesLoaded (0ms)
			ExecutionOrderSort2 (0ms)
			AwakeInstancesAfterBackupRestoration (17ms)
Platform modules already initialized, skipping
========================================================================
Worker process is ready to serve import requests
Launched and connected shader compiler UnityShaderCompiler.exe after 0.07 seconds
Refreshing native plugins compatible for Editor in 1.27 ms, found 2 plugins.
Preloading 0 native plugins for Editor in 0.00 ms.
Unloading 2341 Unused Serialized files (Serialized files now loaded: 0)
Unloading 59 unused Assets / (57.7 KB). Loaded Objects now: 2777.
Memory consumption went from 90.0 MB to 89.9 MB.
Total: 10.845400 ms (FindLiveObjects: 0.262900 ms CreateObjectMapping: 0.075800 ms MarkObjects: 10.352300 ms  DeleteObjects: 0.152100 ms)

AssetImportParameters requested are different than current active one (requested -> active):
  custom:video-decoder-ogg-theora: a1e56fd34408186e4bbccfd4996cb3dc -> 
  custom:container-muxer-webm: aa71ff27fc2769a1b78a27578f13a17b -> 
  custom:container-demuxer-webm: 4f35f7cbe854078d1ac9338744f61a02 -> 
  custom:video-encoder-webm-vp8: eb34c28f22e8b96e1ab97ce403110664 -> 
  custom:audio-encoder-webm-vorbis: bf7c407c2cedff20999df2af8eb42d56 -> 
  custom:framework-win-MediaFoundation: 216162199b28c13a410421893ffa2e32 -> 
  custom:container-demuxer-ogg: 62fdf1f143b41e24485cea50d1cbac27 -> 
  custom:video-decoder-webm-vp8: 9c59270c3fd7afecdb556c50c9e8de78 -> 
  custom:audio-decoder-ogg-vorbis: bf7c407c2cedff20999df2af8eb42d56 -> 
========================================================================
Received Import Request.
  Time since last request: 14241.559360 seconds.
  path: Packages/com.unity.2d.sprite/Editor/ObjectMenuCreation/DefaultAssets/Textures/v2/Capsule.png
  artifactKey: Guid(207ee8102dd4143d288186ef0be518ee) Importer(815301076,1909f56bfc062723c751e8b465ee728b)
Start importing Packages/com.unity.2d.sprite/Editor/ObjectMenuCreation/DefaultAssets/Textures/v2/Capsule.png using Guid(207ee8102dd4143d288186ef0be518ee) Importer(815301076,1909f56bfc062723c751e8b465ee728b)  -> (artifact id: 'e82c5d915853fdb5b4f73d729eefba30') in 0.385735 seconds 
========================================================================
Received Import Request.
  Time since last request: 0.000082 seconds.
  path: Packages/com.unity.2d.sprite/Editor/ObjectMenuCreation/DefaultAssets/Textures/v2/IsometricDiamond.png
  artifactKey: Guid(19fb86013d8c24d6cb8410c0aadf30fa) Importer(815301076,1909f56bfc062723c751e8b465ee728b)
Start importing Packages/com.unity.2d.sprite/Editor/ObjectMenuCreation/DefaultAssets/Textures/v2/IsometricDiamond.png using Guid(19fb86013d8c24d6cb8410c0aadf30fa) Importer(815301076,1909f56bfc062723c751e8b465ee728b)  -> (artifact id: '8e682f5de76b26dc1250bf6cca8b65a0') in 0.054243 seconds 
========================================================================
Received Import Request.
  Time since last request: 32.894367 seconds.
  path: Assets/Thomas/Foliage/Shaded/sprite_0053.png
  artifactKey: Guid(98bebb288c4e514489120a19f169655e) Importer(815301076,1909f56bfc062723c751e8b465ee728b)
Start importing Assets/Thomas/Foliage/Shaded/sprite_0053.png using Guid(98bebb288c4e514489120a19f169655e) Importer(815301076,1909f56bfc062723c751e8b465ee728b)  -> (artifact id: '7847aa5b58945c75b4a64346042c5f57') in 0.127305 seconds 
========================================================================
Received Import Request.
  Time since last request: 0.000103 seconds.
  path: Assets/Thomas/Foliage/Shaded/sprite_0059.png
  artifactKey: Guid(b2429d55d12c4ac4b82851f2bbfefe16) Importer(815301076,1909f56bfc062723c751e8b465ee728b)
Start importing Assets/Thomas/Foliage/Shaded/sprite_0059.png using Guid(b2429d55d12c4ac4b82851f2bbfefe16) Importer(815301076,1909f56bfc062723c751e8b465ee728b)  -> (artifact id: '368e8c7fd094bf8896b5b1259ba96af1') in 0.081289 seconds 
========================================================================
Received Import Request.
  Time since last request: 0.000045 seconds.
  path: Assets/Thomas/Foliage/Shaded/sprite_0074.png
  artifactKey: Guid(b3345105917f942499ed8569354f9ad0) Importer(815301076,1909f56bfc062723c751e8b465ee728b)
Start importing Assets/Thomas/Foliage/Shaded/sprite_0074.png using Guid(b3345105917f942499ed8569354f9ad0) Importer(815301076,1909f56bfc062723c751e8b465ee728b)  -> (artifact id: 'f6e04a86b21c506df71e0eecbba9d9f3') in 0.090653 seconds 
========================================================================
Received Import Request.
  Time since last request: 0.000035 seconds.
  path: Assets/Thomas/Foliage/Shaded/sprite_0079.png
  artifactKey: Guid(fb34776839e2c0549bf24929192d574a) Importer(815301076,1909f56bfc062723c751e8b465ee728b)
Start importing Assets/Thomas/Foliage/Shaded/sprite_0079.png using Guid(fb34776839e2c0549bf24929192d574a) Importer(815301076,1909f56bfc062723c751e8b465ee728b)  -> (artifact id: 'cca354e8c310ec5fdc006147fd9727ab') in 0.080961 seconds 
========================================================================
Received Import Request.
  Time since last request: 0.000035 seconds.
  path: Assets/Thomas/Foliage/Shaded/sprite_0064.png
  artifactKey: Guid(f8bab64003e0a264bb94d95454c1743e) Importer(815301076,1909f56bfc062723c751e8b465ee728b)
Start importing Assets/Thomas/Foliage/Shaded/sprite_0064.png using Guid(f8bab64003e0a264bb94d95454c1743e) Importer(815301076,1909f56bfc062723c751e8b465ee728b)  -> (artifact id: 'b6fed93a0106dd51886b5620e7bbfb8a') in 0.084517 seconds 
========================================================================
Received Import Request.
  Time since last request: 0.000037 seconds.
  path: Assets/Thomas/Foliage/Shaded/sprite_0071.png
  artifactKey: Guid(5fc844ec45dde884eb252a216056d382) Importer(815301076,1909f56bfc062723c751e8b465ee728b)
Start importing Assets/Thomas/Foliage/Shaded/sprite_0071.png using Guid(5fc844ec45dde884eb252a216056d382) Importer(815301076,1909f56bfc062723c751e8b465ee728b)  -> (artifact id: 'cbd09a2d5ac2feaada72354c1a56c5bb') in 0.081386 seconds 
========================================================================
Received Import Request.
  Time since last request: 0.000055 seconds.
  path: Assets/Thomas/Foliage/Shaded/sprite_0088.png
  artifactKey: Guid(cef92e68fe9165a47b55cb13b04b876d) Importer(815301076,1909f56bfc062723c751e8b465ee728b)
Start importing Assets/Thomas/Foliage/Shaded/sprite_0088.png using Guid(cef92e68fe9165a47b55cb13b04b876d) Importer(815301076,1909f56bfc062723c751e8b465ee728b)  -> (artifact id: 'f2c0c4754460ca0b5297387049c3589d') in 0.084654 seconds 
========================================================================
Received Import Request.
  Time since last request: 0.000033 seconds.
  path: Assets/Thomas/Foliage/Shaded/sprite_0100.png
  artifactKey: Guid(83a0f93de8fc4b94ba6b5a60df134c38) Importer(815301076,1909f56bfc062723c751e8b465ee728b)
Start importing Assets/Thomas/Foliage/Shaded/sprite_0100.png using Guid(83a0f93de8fc4b94ba6b5a60df134c38) Importer(815301076,1909f56bfc062723c751e8b465ee728b)  -> (artifact id: 'ab9c7707f2332fbb01c37a3a7615210e') in 0.089091 seconds 
========================================================================
Received Import Request.
  Time since last request: 0.000037 seconds.
  path: Assets/Thomas/Foliage/Shaded/sprite_0092.png
  artifactKey: Guid(fb4851f3af348764ab0a89d295c32408) Importer(815301076,1909f56bfc062723c751e8b465ee728b)
Start importing Assets/Thomas/Foliage/Shaded/sprite_0092.png using Guid(fb4851f3af348764ab0a89d295c32408) Importer(815301076,1909f56bfc062723c751e8b465ee728b)  -> (artifact id: 'f15edadce317fc173904a554ae4ed05c') in 0.082732 seconds 
========================================================================
Received Import Request.
  Time since last request: 0.000030 seconds.
  path: Assets/Thomas/Foliage/Shaded/sprite_0068.png
  artifactKey: Guid(a8239b146bcf48d43923f29052495893) Importer(815301076,1909f56bfc062723c751e8b465ee728b)
Start importing Assets/Thomas/Foliage/Shaded/sprite_0068.png using Guid(a8239b146bcf48d43923f29052495893) Importer(815301076,1909f56bfc062723c751e8b465ee728b)  -> (artifact id: '8735aa1ecd6d29f8ace677ed257f4615') in 0.083370 seconds 
========================================================================
Received Import Request.
  Time since last request: 0.000055 seconds.
  path: Assets/Thomas/Foliage/Shaded/sprite_0072.png
  artifactKey: Guid(d96c48025c3b15744aa93293659f06f9) Importer(815301076,1909f56bfc062723c751e8b465ee728b)
Start importing Assets/Thomas/Foliage/Shaded/sprite_0072.png using Guid(d96c48025c3b15744aa93293659f06f9) Importer(815301076,1909f56bfc062723c751e8b465ee728b)  -> (artifact id: 'b05df55a612d8d1c5403d7bbc9337109') in 0.084783 seconds 
========================================================================
Received Import Request.
  Time since last request: 0.000032 seconds.
  path: Assets/Thomas/Foliage/Shaded/sprite_0073.png
  artifactKey: Guid(b472c160a763aa74bbe0bbecead987ae) Importer(815301076,1909f56bfc062723c751e8b465ee728b)
Start importing Assets/Thomas/Foliage/Shaded/sprite_0073.png using Guid(b472c160a763aa74bbe0bbecead987ae) Importer(815301076,1909f56bfc062723c751e8b465ee728b)  -> (artifact id: '5075186129c0bfaf6d826f672809e451') in 0.094215 seconds 
========================================================================
Received Import Request.
  Time since last request: 0.000031 seconds.
  path: Assets/Thomas/Foliage/Shaded/sprite_0063.png
  artifactKey: Guid(59bcf736859b39c4f9fb194d7efe54d1) Importer(815301076,1909f56bfc062723c751e8b465ee728b)
Start importing Assets/Thomas/Foliage/Shaded/sprite_0063.png using Guid(59bcf736859b39c4f9fb194d7efe54d1) Importer(815301076,1909f56bfc062723c751e8b465ee728b)  -> (artifact id: 'b937c4818ec73cc77793b66023f45ca4') in 0.080590 seconds 
========================================================================
Received Import Request.
  Time since last request: 0.000037 seconds.
  path: Assets/Thomas/Foliage/Shaded/sprite_0094.png
  artifactKey: Guid(dac62e0f8d5dbf74cac3b1462664b2a9) Importer(815301076,1909f56bfc062723c751e8b465ee728b)
Start importing Assets/Thomas/Foliage/Shaded/sprite_0094.png using Guid(dac62e0f8d5dbf74cac3b1462664b2a9) Importer(815301076,1909f56bfc062723c751e8b465ee728b)  -> (artifact id: 'a4e2f6b57eaf2c83c4e0690a3a1a1bbd') in 0.092350 seconds 
========================================================================
Received Import Request.
  Time since last request: 0.000040 seconds.
  path: Assets/Thomas/Foliage/Shaded/sprite_0081.png
  artifactKey: Guid(070e9eb0a3100934d8c902f6c946c4ad) Importer(815301076,1909f56bfc062723c751e8b465ee728b)
Start importing Assets/Thomas/Foliage/Shaded/sprite_0081.png using Guid(070e9eb0a3100934d8c902f6c946c4ad) Importer(815301076,1909f56bfc062723c751e8b465ee728b)  -> (artifact id: '483470a6fc94f989a8191fa13124bb09') in 0.079211 seconds 
========================================================================
Received Import Request.
  Time since last request: 0.000042 seconds.
  path: Assets/Thomas/Foliage/Shaded/sprite_0096.png
  artifactKey: Guid(2d966df7dff206649b0b66f1467bc2ca) Importer(815301076,1909f56bfc062723c751e8b465ee728b)
Start importing Assets/Thomas/Foliage/Shaded/sprite_0096.png using Guid(2d966df7dff206649b0b66f1467bc2ca) Importer(815301076,1909f56bfc062723c751e8b465ee728b)  -> (artifact id: 'c0c7c799eb6a322b316b55385d3b1742') in 0.101207 seconds 
========================================================================
Received Import Request.
  Time since last request: 0.000038 seconds.
  path: Assets/Thomas/Foliage/Shaded/sprite_0075.png
  artifactKey: Guid(633a34ff100652145a9f2e34e78de481) Importer(815301076,1909f56bfc062723c751e8b465ee728b)
Start importing Assets/Thomas/Foliage/Shaded/sprite_0075.png using Guid(633a34ff100652145a9f2e34e78de481) Importer(815301076,1909f56bfc062723c751e8b465ee728b)  -> (artifact id: '141e8c78b4e96eee9b490c1c9e02572c') in 0.077906 seconds 
========================================================================
Received Prepare
Registering precompiled user dll's ...
Registered in 0.008103 seconds.
Begin MonoManager ReloadAssembly
Native extension for WindowsStandalone target not found
Refreshing native plugins compatible for Editor in 1.67 ms, found 2 plugins.
Preloading 0 native plugins for Editor in 0.00 ms.
Mono: successfully reloaded assembly
- Completed reload, in  2.295 seconds
Domain Reload Profiling:
	ReloadAssembly (2296ms)
		BeginReloadAssembly (334ms)
			ExecutionOrderSort (0ms)
			DisableScriptedObjects (11ms)
			BackupInstance (0ms)
			ReleaseScriptingObjects (0ms)
			CreateAndSetChildDomain (52ms)
		EndReloadAssembly (1744ms)
			LoadAssemblies (269ms)
			RebuildTransferFunctionScriptingTraits (0ms)
			SetupTypeCache (418ms)
			ReleaseScriptCaches (2ms)
			RebuildScriptCaches (104ms)
			SetupLoadedEditorAssemblies (947ms)
				LogAssemblyErrors (0ms)
				InitializePlatformSupportModulesInManaged (12ms)
				SetLoadedEditorAssemblies (2ms)
				RefreshPlugins (2ms)
				BeforeProcessingInitializeOnLoad (149ms)
				ProcessInitializeOnLoadAttributes (428ms)
				ProcessInitializeOnLoadMethodAttributes (336ms)
				AfterProcessingInitializeOnLoad (18ms)
				EditorAssembliesLoaded (1ms)
			ExecutionOrderSort2 (0ms)
			AwakeInstancesAfterBackupRestoration (14ms)
Platform modules already initialized, skipping
Refreshing native plugins compatible for Editor in 15.23 ms, found 2 plugins.
Preloading 0 native plugins for Editor in 0.00 ms.
Unloading 2336 Unused Serialized files (Serialized files now loaded: 0)
Unloading 48 unused Assets / (32.8 KB). Loaded Objects now: 2793.
Memory consumption went from 93.6 MB to 93.5 MB.
Total: 11.307600 ms (FindLiveObjects: 0.314300 ms CreateObjectMapping: 0.198300 ms MarkObjects: 10.721400 ms  DeleteObjects: 0.071700 ms)

AssetImportParameters requested are different than current active one (requested -> active):
  custom:video-decoder-ogg-theora: a1e56fd34408186e4bbccfd4996cb3dc -> 
  custom:container-muxer-webm: aa71ff27fc2769a1b78a27578f13a17b -> 
  custom:container-demuxer-webm: 4f35f7cbe854078d1ac9338744f61a02 -> 
  custom:video-encoder-webm-vp8: eb34c28f22e8b96e1ab97ce403110664 -> 
  custom:audio-encoder-webm-vorbis: bf7c407c2cedff20999df2af8eb42d56 -> 
  custom:framework-win-MediaFoundation: 216162199b28c13a410421893ffa2e32 -> 
  custom:container-demuxer-ogg: 62fdf1f143b41e24485cea50d1cbac27 -> 
  custom:video-decoder-webm-vp8: 9c59270c3fd7afecdb556c50c9e8de78 -> 
  custom:audio-decoder-ogg-vorbis: bf7c407c2cedff20999df2af8eb42d56 -> 
========================================================================
Received Prepare
Registering precompiled user dll's ...
Registered in 0.010463 seconds.
Begin MonoManager ReloadAssembly
Native extension for WindowsStandalone target not found
Refreshing native plugins compatible for Editor in 1.01 ms, found 2 plugins.
Preloading 0 native plugins for Editor in 0.00 ms.
Mono: successfully reloaded assembly
- Completed reload, in  2.031 seconds
Domain Reload Profiling:
	ReloadAssembly (2032ms)
		BeginReloadAssembly (294ms)
			ExecutionOrderSort (0ms)
			DisableScriptedObjects (10ms)
			BackupInstance (0ms)
			ReleaseScriptingObjects (0ms)
			CreateAndSetChildDomain (48ms)
		EndReloadAssembly (1527ms)
			LoadAssemblies (229ms)
			RebuildTransferFunctionScriptingTraits (0ms)
			SetupTypeCache (366ms)
			ReleaseScriptCaches (2ms)
			RebuildScriptCaches (94ms)
			SetupLoadedEditorAssemblies (823ms)
				LogAssemblyErrors (0ms)
				InitializePlatformSupportModulesInManaged (13ms)
				SetLoadedEditorAssemblies (1ms)
				RefreshPlugins (1ms)
				BeforeProcessingInitializeOnLoad (138ms)
				ProcessInitializeOnLoadAttributes (373ms)
				ProcessInitializeOnLoadMethodAttributes (280ms)
				AfterProcessingInitializeOnLoad (16ms)
				EditorAssembliesLoaded (0ms)
			ExecutionOrderSort2 (0ms)
			AwakeInstancesAfterBackupRestoration (10ms)
Platform modules already initialized, skipping
Refreshing native plugins compatible for Editor in 15.96 ms, found 2 plugins.
Preloading 0 native plugins for Editor in 0.00 ms.
Unloading 2337 Unused Serialized files (Serialized files now loaded: 0)
Unloading 49 unused Assets / (448.1 KB). Loaded Objects now: 2797.
Memory consumption went from 94.5 MB to 94.1 MB.
Total: 13.422200 ms (FindLiveObjects: 0.251300 ms CreateObjectMapping: 0.101000 ms MarkObjects: 12.507100 ms  DeleteObjects: 0.560800 ms)

AssetImportParameters requested are different than current active one (requested -> active):
  custom:video-decoder-ogg-theora: a1e56fd34408186e4bbccfd4996cb3dc -> 
  custom:container-muxer-webm: aa71ff27fc2769a1b78a27578f13a17b -> 
  custom:container-demuxer-webm: 4f35f7cbe854078d1ac9338744f61a02 -> 
  custom:video-encoder-webm-vp8: eb34c28f22e8b96e1ab97ce403110664 -> 
  custom:audio-encoder-webm-vorbis: bf7c407c2cedff20999df2af8eb42d56 -> 
  custom:framework-win-MediaFoundation: 216162199b28c13a410421893ffa2e32 -> 
  custom:container-demuxer-ogg: 62fdf1f143b41e24485cea50d1cbac27 -> 
  custom:video-decoder-webm-vp8: 9c59270c3fd7afecdb556c50c9e8de78 -> 
  custom:audio-decoder-ogg-vorbis: bf7c407c2cedff20999df2af8eb42d56 -> 
========================================================================
Received Prepare
Registering precompiled user dll's ...
Registered in 0.008152 seconds.
Begin MonoManager ReloadAssembly
Native extension for WindowsStandalone target not found
Refreshing native plugins compatible for Editor in 1.37 ms, found 2 plugins.
Preloading 0 native plugins for Editor in 0.00 ms.
Mono: successfully reloaded assembly
- Completed reload, in  2.083 seconds
Domain Reload Profiling:
	ReloadAssembly (2084ms)
		BeginReloadAssembly (302ms)
			ExecutionOrderSort (0ms)
			DisableScriptedObjects (12ms)
			BackupInstance (0ms)
			ReleaseScriptingObjects (0ms)
			CreateAndSetChildDomain (73ms)
		EndReloadAssembly (1549ms)
			LoadAssemblies (199ms)
			RebuildTransferFunctionScriptingTraits (0ms)
			SetupTypeCache (365ms)
			ReleaseScriptCaches (2ms)
			RebuildScriptCaches (92ms)
			SetupLoadedEditorAssemblies (843ms)
				LogAssemblyErrors (0ms)
				InitializePlatformSupportModulesInManaged (12ms)
				SetLoadedEditorAssemblies (1ms)
				RefreshPlugins (1ms)
				BeforeProcessingInitializeOnLoad (136ms)
				ProcessInitializeOnLoadAttributes (384ms)
				ProcessInitializeOnLoadMethodAttributes (291ms)
				AfterProcessingInitializeOnLoad (17ms)
				EditorAssembliesLoaded (0ms)
			ExecutionOrderSort2 (0ms)
			AwakeInstancesAfterBackupRestoration (12ms)
Platform modules already initialized, skipping
Refreshing native plugins compatible for Editor in 10.79 ms, found 2 plugins.
Preloading 0 native plugins for Editor in 0.00 ms.
Unloading 2337 Unused Serialized files (Serialized files now loaded: 0)
Unloading 49 unused Assets / (448.1 KB). Loaded Objects now: 2800.
Memory consumption went from 94.5 MB to 94.1 MB.
Total: 9.966100 ms (FindLiveObjects: 0.239800 ms CreateObjectMapping: 0.103300 ms MarkObjects: 9.233000 ms  DeleteObjects: 0.388800 ms)

AssetImportParameters requested are different than current active one (requested -> active):
  custom:video-decoder-ogg-theora: a1e56fd34408186e4bbccfd4996cb3dc -> 
  custom:container-muxer-webm: aa71ff27fc2769a1b78a27578f13a17b -> 
  custom:container-demuxer-webm: 4f35f7cbe854078d1ac9338744f61a02 -> 
  custom:video-encoder-webm-vp8: eb34c28f22e8b96e1ab97ce403110664 -> 
  custom:audio-encoder-webm-vorbis: bf7c407c2cedff20999df2af8eb42d56 -> 
  custom:framework-win-MediaFoundation: 216162199b28c13a410421893ffa2e32 -> 
  custom:container-demuxer-ogg: 62fdf1f143b41e24485cea50d1cbac27 -> 
  custom:video-decoder-webm-vp8: 9c59270c3fd7afecdb556c50c9e8de78 -> 
  custom:audio-decoder-ogg-vorbis: bf7c407c2cedff20999df2af8eb42d56 -> 
========================================================================
Received Prepare
Registering precompiled user dll's ...
Registered in 0.007295 seconds.
Begin MonoManager ReloadAssembly
Native extension for WindowsStandalone target not found
Refreshing native plugins compatible for Editor in 1.25 ms, found 2 plugins.
Preloading 0 native plugins for Editor in 0.00 ms.
Mono: successfully reloaded assembly
- Completed reload, in  2.110 seconds
Domain Reload Profiling:
	ReloadAssembly (2111ms)
		BeginReloadAssembly (304ms)
			ExecutionOrderSort (0ms)
			DisableScriptedObjects (17ms)
			BackupInstance (0ms)
			ReleaseScriptingObjects (0ms)
			CreateAndSetChildDomain (66ms)
		EndReloadAssembly (1607ms)
			LoadAssemblies (224ms)
			RebuildTransferFunctionScriptingTraits (0ms)
			SetupTypeCache (392ms)
			ReleaseScriptCaches (2ms)
			RebuildScriptCaches (96ms)
			SetupLoadedEditorAssemblies (846ms)
				LogAssemblyErrors (0ms)
				InitializePlatformSupportModulesInManaged (10ms)
				SetLoadedEditorAssemblies (1ms)
				RefreshPlugins (1ms)
				BeforeProcessingInitializeOnLoad (139ms)
				ProcessInitializeOnLoadAttributes (384ms)
				ProcessInitializeOnLoadMethodAttributes (292ms)
				AfterProcessingInitializeOnLoad (18ms)
				EditorAssembliesLoaded (0ms)
			ExecutionOrderSort2 (0ms)
			AwakeInstancesAfterBackupRestoration (13ms)
Platform modules already initialized, skipping
Refreshing native plugins compatible for Editor in 15.26 ms, found 2 plugins.
Preloading 0 native plugins for Editor in 0.00 ms.
Unloading 2337 Unused Serialized files (Serialized files now loaded: 0)
Unloading 49 unused Assets / (448.4 KB). Loaded Objects now: 2803.
Memory consumption went from 94.5 MB to 94.1 MB.
Total: 10.331800 ms (FindLiveObjects: 0.262100 ms CreateObjectMapping: 0.098700 ms MarkObjects: 9.616900 ms  DeleteObjects: 0.353000 ms)

AssetImportParameters requested are different than current active one (requested -> active):
  custom:video-decoder-ogg-theora: a1e56fd34408186e4bbccfd4996cb3dc -> 
  custom:container-muxer-webm: aa71ff27fc2769a1b78a27578f13a17b -> 
  custom:container-demuxer-webm: 4f35f7cbe854078d1ac9338744f61a02 -> 
  custom:video-encoder-webm-vp8: eb34c28f22e8b96e1ab97ce403110664 -> 
  custom:audio-encoder-webm-vorbis: bf7c407c2cedff20999df2af8eb42d56 -> 
  custom:framework-win-MediaFoundation: 216162199b28c13a410421893ffa2e32 -> 
  custom:container-demuxer-ogg: 62fdf1f143b41e24485cea50d1cbac27 -> 
  custom:video-decoder-webm-vp8: 9c59270c3fd7afecdb556c50c9e8de78 -> 
  custom:audio-decoder-ogg-vorbis: bf7c407c2cedff20999df2af8eb42d56 -> 
========================================================================
Received Prepare
Registering precompiled user dll's ...
Registered in 0.007841 seconds.
Begin MonoManager ReloadAssembly
Native extension for WindowsStandalone target not found
Refreshing native plugins compatible for Editor in 1.00 ms, found 2 plugins.
Preloading 0 native plugins for Editor in 0.00 ms.
Mono: successfully reloaded assembly
- Completed reload, in  2.196 seconds
Domain Reload Profiling:
	ReloadAssembly (2198ms)
		BeginReloadAssembly (348ms)
			ExecutionOrderSort (0ms)
			DisableScriptedObjects (13ms)
			BackupInstance (0ms)
			ReleaseScriptingObjects (0ms)
			CreateAndSetChildDomain (72ms)
		EndReloadAssembly (1645ms)
			LoadAssemblies (248ms)
			RebuildTransferFunctionScriptingTraits (0ms)
			SetupTypeCache (385ms)
			ReleaseScriptCaches (3ms)
			RebuildScriptCaches (98ms)
			SetupLoadedEditorAssemblies (900ms)
				LogAssemblyErrors (0ms)
				InitializePlatformSupportModulesInManaged (9ms)
				SetLoadedEditorAssemblies (1ms)
				RefreshPlugins (1ms)
				BeforeProcessingInitializeOnLoad (144ms)
				ProcessInitializeOnLoadAttributes (394ms)
				ProcessInitializeOnLoadMethodAttributes (333ms)
				AfterProcessingInitializeOnLoad (18ms)
				EditorAssembliesLoaded (0ms)
			ExecutionOrderSort2 (0ms)
			AwakeInstancesAfterBackupRestoration (13ms)
Platform modules already initialized, skipping
Refreshing native plugins compatible for Editor in 12.10 ms, found 2 plugins.
Preloading 0 native plugins for Editor in 0.00 ms.
Unloading 2337 Unused Serialized files (Serialized files now loaded: 0)
Unloading 49 unused Assets / (471.6 KB). Loaded Objects now: 2806.
Memory consumption went from 94.5 MB to 94.0 MB.
Total: 10.743000 ms (FindLiveObjects: 0.236600 ms CreateObjectMapping: 0.085100 ms MarkObjects: 9.749200 ms  DeleteObjects: 0.670000 ms)

AssetImportParameters requested are different than current active one (requested -> active):
  custom:video-decoder-ogg-theora: a1e56fd34408186e4bbccfd4996cb3dc -> 
  custom:container-muxer-webm: aa71ff27fc2769a1b78a27578f13a17b -> 
  custom:container-demuxer-webm: 4f35f7cbe854078d1ac9338744f61a02 -> 
  custom:video-encoder-webm-vp8: eb34c28f22e8b96e1ab97ce403110664 -> 
  custom:audio-encoder-webm-vorbis: bf7c407c2cedff20999df2af8eb42d56 -> 
  custom:framework-win-MediaFoundation: 216162199b28c13a410421893ffa2e32 -> 
  custom:container-demuxer-ogg: 62fdf1f143b41e24485cea50d1cbac27 -> 
  custom:video-decoder-webm-vp8: 9c59270c3fd7afecdb556c50c9e8de78 -> 
  custom:audio-decoder-ogg-vorbis: bf7c407c2cedff20999df2af8eb42d56 -> 
========================================================================
Received Import Request.
  Time since last request: 1089.757123 seconds.
  path: Assets/Thomas/Foliage/Shaded/Materials/sprite_0096.mat
  artifactKey: Guid(6fe89cf9658493e4ebdd1044d05866dd) Importer(815301076,1909f56bfc062723c751e8b465ee728b)
Start importing Assets/Thomas/Foliage/Shaded/Materials/sprite_0096.mat using Guid(6fe89cf9658493e4ebdd1044d05866dd) Importer(815301076,1909f56bfc062723c751e8b465ee728b)  -> (artifact id: 'c5a74706133afd73625ac3bf83e65b6e') in 0.130373 seconds 
