Using pre-set license
Built from '2021.3/staging' branch; Version is '2021.3.20f1 (577897200b8b) revision 5732503'; Using compiler version '192829333'; Build Type 'Release'
OS: 'Windows 11  (10.0.22000) 64bit Professional' Language: 'pt' Physical Memory: 16313 MB
BatchMode: 1, IsHumanControllingUs: 0, StartBugReporterOnCrash: 0, Is64bit: 1, IsPro: 1

COMMAND LINE ARGUMENTS:
C:\Program Files\Unity\Hub\Editor\2021.3.20f1\Editor\Unity.exe
-adb2
-batchMode
-noUpm
-name
AssetImportWorker4
-projectPath
C:/Users/firel/Downloads/tower defense bfs/Tower-Defense-game/Breadth_First_Search
-logFile
Logs/AssetImportWorker4.log
-srvPort
51720
Successfully changed project path to: C:/Users/firel/Downloads/tower defense bfs/Tower-Defense-game/Breadth_First_Search
C:/Users/firel/Downloads/tower defense bfs/Tower-Defense-game/Breadth_First_Search
[UnityMemory] Configuration Parameters - Can be set up in boot.config
    "memorysetup-bucket-allocator-granularity=16"
    "memorysetup-bucket-allocator-bucket-count=8"
    "memorysetup-bucket-allocator-block-size=33554432"
    "memorysetup-bucket-allocator-block-count=8"
    "memorysetup-main-allocator-block-size=16777216"
    "memorysetup-thread-allocator-block-size=16777216"
    "memorysetup-gfx-main-allocator-block-size=16777216"
    "memorysetup-gfx-thread-allocator-block-size=16777216"
    "memorysetup-cache-allocator-block-size=4194304"
    "memorysetup-typetree-allocator-block-size=2097152"
    "memorysetup-profiler-bucket-allocator-granularity=16"
    "memorysetup-profiler-bucket-allocator-bucket-count=8"
    "memorysetup-profiler-bucket-allocator-block-size=33554432"
    "memorysetup-profiler-bucket-allocator-block-count=8"
    "memorysetup-profiler-allocator-block-size=16777216"
    "memorysetup-profiler-editor-allocator-block-size=1048576"
    "memorysetup-temp-allocator-size-main=16777216"
    "memorysetup-job-temp-allocator-block-size=2097152"
    "memorysetup-job-temp-allocator-block-size-background=1048576"
    "memorysetup-job-temp-allocator-reduction-small-platforms=262144"
    "memorysetup-temp-allocator-size-background-worker=32768"
    "memorysetup-temp-allocator-size-job-worker=262144"
    "memorysetup-temp-allocator-size-preload-manager=33554432"
    "memorysetup-temp-allocator-size-nav-mesh-worker=65536"
    "memorysetup-temp-allocator-size-audio-worker=65536"
    "memorysetup-temp-allocator-size-cloud-worker=32768"
    "memorysetup-temp-allocator-size-gi-baking-worker=262144"
    "memorysetup-temp-allocator-size-gfx=262144"
Player connection [16276] Host "[IP] 192.168.0.15 [Port] 0 [Flags] 2 [Guid] 4221247328 [EditorId] 4221247328 [Version] 1048832 [Id] WindowsEditor(7,DESKTOP-9Q7JF8R) [Debug] 1 [PackageName] WindowsEditor [ProjectName] Editor" joined multi-casting on [225.0.0.222:54997]...

Player connection [16276] Host "[IP] 192.168.0.15 [Port] 0 [Flags] 2 [Guid] 4221247328 [EditorId] 4221247328 [Version] 1048832 [Id] WindowsEditor(7,DESKTOP-9Q7JF8R) [Debug] 1 [PackageName] WindowsEditor [ProjectName] Editor" joined alternative multi-casting on [225.0.0.222:34997]...

Refreshing native plugins compatible for Editor in 108.98 ms, found 2 plugins.
Preloading 0 native plugins for Editor in 0.00 ms.
Initialize engine version: 2021.3.20f1 (577897200b8b)
[Subsystems] Discovering subsystems at path C:/Program Files/Unity/Hub/Editor/2021.3.20f1/Editor/Data/Resources/UnitySubsystems
[Subsystems] Discovering subsystems at path C:/Users/firel/Downloads/tower defense bfs/Tower-Defense-game/Breadth_First_Search/Assets
GfxDevice: creating device client; threaded=0; jobified=0
Direct3D:
    Version:  Direct3D 11.0 [level 11.1]
    Renderer: NVIDIA GeForce GTX 1050 Ti (ID=0x1c82)
    Vendor:   NVIDIA
    VRAM:     4017 MB
    Driver:   31.0.15.2802
Initialize mono
Mono path[0] = 'C:/Program Files/Unity/Hub/Editor/2021.3.20f1/Editor/Data/Managed'
Mono path[1] = 'C:/Program Files/Unity/Hub/Editor/2021.3.20f1/Editor/Data/MonoBleedingEdge/lib/mono/unityjit-win32'
Mono config path = 'C:/Program Files/Unity/Hub/Editor/2021.3.20f1/Editor/Data/MonoBleedingEdge/etc'
Using monoOptions --debugger-agent=transport=dt_socket,embedding=1,server=y,suspend=n,address=127.0.0.1:56092
Begin MonoManager ReloadAssembly
Registering precompiled unity dll's ...
Register platform support module: C:/Program Files/Unity/Hub/Editor/2021.3.20f1/Editor/Data/PlaybackEngines/WindowsStandaloneSupport/UnityEditor.WindowsStandalone.Extensions.dll
Registered in 0.008810 seconds.
Native extension for WindowsStandalone target not found
Refreshing native plugins compatible for Editor in 66.08 ms, found 2 plugins.
Preloading 0 native plugins for Editor in 0.00 ms.
Mono: successfully reloaded assembly
- Completed reload, in  1.104 seconds
Domain Reload Profiling:
	ReloadAssembly (1104ms)
		BeginReloadAssembly (164ms)
			ExecutionOrderSort (0ms)
			DisableScriptedObjects (0ms)
			BackupInstance (0ms)
			ReleaseScriptingObjects (0ms)
			CreateAndSetChildDomain (1ms)
		EndReloadAssembly (761ms)
			LoadAssemblies (161ms)
			RebuildTransferFunctionScriptingTraits (0ms)
			SetupTypeCache (194ms)
			ReleaseScriptCaches (0ms)
			RebuildScriptCaches (47ms)
			SetupLoadedEditorAssemblies (422ms)
				LogAssemblyErrors (0ms)
				InitializePlatformSupportModulesInManaged (14ms)
				SetLoadedEditorAssemblies (0ms)
				RefreshPlugins (66ms)
				BeforeProcessingInitializeOnLoad (1ms)
				ProcessInitializeOnLoadAttributes (239ms)
				ProcessInitializeOnLoadMethodAttributes (101ms)
				AfterProcessingInitializeOnLoad (0ms)
				EditorAssembliesLoaded (0ms)
			ExecutionOrderSort2 (0ms)
			AwakeInstancesAfterBackupRestoration (0ms)
Platform modules already initialized, skipping
Registering precompiled user dll's ...
Registered in 0.010933 seconds.
Begin MonoManager ReloadAssembly
Native extension for WindowsStandalone target not found
Refreshing native plugins compatible for Editor in 0.83 ms, found 2 plugins.
Preloading 0 native plugins for Editor in 0.00 ms.
Mono: successfully reloaded assembly
- Completed reload, in  1.469 seconds
Domain Reload Profiling:
	ReloadAssembly (1470ms)
		BeginReloadAssembly (165ms)
			ExecutionOrderSort (0ms)
			DisableScriptedObjects (8ms)
			BackupInstance (0ms)
			ReleaseScriptingObjects (0ms)
			CreateAndSetChildDomain (26ms)
		EndReloadAssembly (1142ms)
			LoadAssemblies (130ms)
			RebuildTransferFunctionScriptingTraits (0ms)
			SetupTypeCache (272ms)
			ReleaseScriptCaches (1ms)
			RebuildScriptCaches (66ms)
			SetupLoadedEditorAssemblies (629ms)
				LogAssemblyErrors (0ms)
				InitializePlatformSupportModulesInManaged (7ms)
				SetLoadedEditorAssemblies (1ms)
				RefreshPlugins (1ms)
				BeforeProcessingInitializeOnLoad (90ms)
				ProcessInitializeOnLoadAttributes (305ms)
				ProcessInitializeOnLoadMethodAttributes (215ms)
				AfterProcessingInitializeOnLoad (11ms)
				EditorAssembliesLoaded (0ms)
			ExecutionOrderSort2 (0ms)
			AwakeInstancesAfterBackupRestoration (8ms)
Platform modules already initialized, skipping
========================================================================
Worker process is ready to serve import requests
Launched and connected shader compiler UnityShaderCompiler.exe after 0.05 seconds
Refreshing native plugins compatible for Editor in 1.20 ms, found 2 plugins.
Preloading 0 native plugins for Editor in 0.00 ms.
Unloading 2341 Unused Serialized files (Serialized files now loaded: 0)
Unloading 59 unused Assets / (57.8 KB). Loaded Objects now: 2777.
Memory consumption went from 90.0 MB to 90.0 MB.
Total: 10.521100 ms (FindLiveObjects: 0.268800 ms CreateObjectMapping: 0.103300 ms MarkObjects: 9.919700 ms  DeleteObjects: 0.227300 ms)

AssetImportParameters requested are different than current active one (requested -> active):
  custom:video-decoder-ogg-theora: a1e56fd34408186e4bbccfd4996cb3dc -> 
  custom:container-muxer-webm: aa71ff27fc2769a1b78a27578f13a17b -> 
  custom:container-demuxer-webm: 4f35f7cbe854078d1ac9338744f61a02 -> 
  custom:video-encoder-webm-vp8: eb34c28f22e8b96e1ab97ce403110664 -> 
  custom:audio-encoder-webm-vorbis: bf7c407c2cedff20999df2af8eb42d56 -> 
  custom:framework-win-MediaFoundation: 216162199b28c13a410421893ffa2e32 -> 
  custom:container-demuxer-ogg: 62fdf1f143b41e24485cea50d1cbac27 -> 
  custom:video-decoder-webm-vp8: 9c59270c3fd7afecdb556c50c9e8de78 -> 
  custom:audio-decoder-ogg-vorbis: bf7c407c2cedff20999df2af8eb42d56 -> 
========================================================================
Received Import Request.
  Time since last request: 14248.631816 seconds.
  path: Assets/Thomas/Path Maker/tile.prefab
  artifactKey: Guid(14f220b826ec1fc49b57a0f078cadba5) Importer(815301076,1909f56bfc062723c751e8b465ee728b)
Start importing Assets/Thomas/Path Maker/tile.prefab using Guid(14f220b826ec1fc49b57a0f078cadba5) Importer(815301076,1909f56bfc062723c751e8b465ee728b)  -> (artifact id: 'fd07ea469771efcb18e96a9344d9fe57') in 0.196892 seconds 
========================================================================
Received Import Request.
  Time since last request: 25.980880 seconds.
  path: Assets/Thomas/Foliage/Shaded/sprite_0065.png
  artifactKey: Guid(02aab9f41cbc22742a63a1437b4b5f5a) Importer(815301076,1909f56bfc062723c751e8b465ee728b)
Start importing Assets/Thomas/Foliage/Shaded/sprite_0065.png using Guid(02aab9f41cbc22742a63a1437b4b5f5a) Importer(815301076,1909f56bfc062723c751e8b465ee728b)  -> (artifact id: '250fe80b07e6b61241e9d1b80c58edc8') in 0.170487 seconds 
========================================================================
Received Import Request.
  Time since last request: 0.000057 seconds.
  path: Assets/Thomas/Foliage/Shaded/sprite_0062.png
  artifactKey: Guid(2fc71700cac10164983d03776debe90f) Importer(815301076,1909f56bfc062723c751e8b465ee728b)
Start importing Assets/Thomas/Foliage/Shaded/sprite_0062.png using Guid(2fc71700cac10164983d03776debe90f) Importer(815301076,1909f56bfc062723c751e8b465ee728b)  -> (artifact id: '3263a8e7ea1f30553b9e56c7e687ea68') in 0.092372 seconds 
========================================================================
Received Import Request.
  Time since last request: 0.000044 seconds.
  path: Assets/Thomas/Foliage/Shaded/sprite_0055.png
  artifactKey: Guid(49232b6f5fdab4a4393becd7dcf80edb) Importer(815301076,1909f56bfc062723c751e8b465ee728b)
Start importing Assets/Thomas/Foliage/Shaded/sprite_0055.png using Guid(49232b6f5fdab4a4393becd7dcf80edb) Importer(815301076,1909f56bfc062723c751e8b465ee728b)  -> (artifact id: '1d4dc7021e9fa75aa8939e34d59dd82f') in 0.083574 seconds 
========================================================================
Received Import Request.
  Time since last request: 0.000039 seconds.
  path: Assets/Thomas/Foliage/Shaded/sprite_0066.png
  artifactKey: Guid(7a96d7bf3406b0e49926b91a27298ed6) Importer(815301076,1909f56bfc062723c751e8b465ee728b)
Start importing Assets/Thomas/Foliage/Shaded/sprite_0066.png using Guid(7a96d7bf3406b0e49926b91a27298ed6) Importer(815301076,1909f56bfc062723c751e8b465ee728b)  -> (artifact id: '97d5c3dffd0513617b696a5190ff55bc') in 0.084598 seconds 
========================================================================
Received Import Request.
  Time since last request: 0.000033 seconds.
  path: Assets/Thomas/Foliage/Shaded/sprite_0060.png
  artifactKey: Guid(6691e4d529fc36940a5043abc63a5bb9) Importer(815301076,1909f56bfc062723c751e8b465ee728b)
Start importing Assets/Thomas/Foliage/Shaded/sprite_0060.png using Guid(6691e4d529fc36940a5043abc63a5bb9) Importer(815301076,1909f56bfc062723c751e8b465ee728b)  -> (artifact id: '40bf0f7e6c5d5ca09dd8decc1870e1a2') in 0.081219 seconds 
========================================================================
Received Import Request.
  Time since last request: 0.000091 seconds.
  path: Assets/Thomas/Foliage/Shaded/sprite_0076.png
  artifactKey: Guid(c1ffbc8c3a95553498c3f67f9462d97a) Importer(815301076,1909f56bfc062723c751e8b465ee728b)
Start importing Assets/Thomas/Foliage/Shaded/sprite_0076.png using Guid(c1ffbc8c3a95553498c3f67f9462d97a) Importer(815301076,1909f56bfc062723c751e8b465ee728b)  -> (artifact id: '1e656f1ee660711368bf601484ee6124') in 0.085400 seconds 
========================================================================
Received Import Request.
  Time since last request: 0.000046 seconds.
  path: Assets/Thomas/Foliage/Shaded/sprite_0058.png
  artifactKey: Guid(d8a15bfabb7e89542ae0a66f305758cc) Importer(815301076,1909f56bfc062723c751e8b465ee728b)
Start importing Assets/Thomas/Foliage/Shaded/sprite_0058.png using Guid(d8a15bfabb7e89542ae0a66f305758cc) Importer(815301076,1909f56bfc062723c751e8b465ee728b)  -> (artifact id: 'a6d42a7d5a8cadedcd3fa3ed71b64a7c') in 0.081841 seconds 
========================================================================
Received Import Request.
  Time since last request: 0.000091 seconds.
  path: Assets/Thomas/Foliage/Shaded/sprite_0098.png
  artifactKey: Guid(65c7c6e60d0e2a8408cc6e5966fcf01a) Importer(815301076,1909f56bfc062723c751e8b465ee728b)
Start importing Assets/Thomas/Foliage/Shaded/sprite_0098.png using Guid(65c7c6e60d0e2a8408cc6e5966fcf01a) Importer(815301076,1909f56bfc062723c751e8b465ee728b)  -> (artifact id: '81d7c9e75d91cef3956653466b956e5d') in 0.093701 seconds 
========================================================================
Received Import Request.
  Time since last request: 0.000033 seconds.
  path: Assets/Thomas/Foliage/Shaded/sprite_0069.png
  artifactKey: Guid(8e2c1c6e23050dd43aae5e05d9e17b2e) Importer(815301076,1909f56bfc062723c751e8b465ee728b)
Start importing Assets/Thomas/Foliage/Shaded/sprite_0069.png using Guid(8e2c1c6e23050dd43aae5e05d9e17b2e) Importer(815301076,1909f56bfc062723c751e8b465ee728b)  -> (artifact id: '71ff08b32a714b2486e7a82c16f07fdd') in 0.091342 seconds 
========================================================================
Received Import Request.
  Time since last request: 0.000051 seconds.
  path: Assets/Thomas/Foliage/Shaded/sprite_0091.png
  artifactKey: Guid(e06dd77dd5a923e43a41e2a656d4ab41) Importer(815301076,1909f56bfc062723c751e8b465ee728b)
Start importing Assets/Thomas/Foliage/Shaded/sprite_0091.png using Guid(e06dd77dd5a923e43a41e2a656d4ab41) Importer(815301076,1909f56bfc062723c751e8b465ee728b)  -> (artifact id: 'cc9b5bc79dc209fdd09d54cc3480ee4b') in 0.092494 seconds 
========================================================================
Received Import Request.
  Time since last request: 0.000042 seconds.
  path: Assets/Thomas/Foliage/Shaded/sprite_0085.png
  artifactKey: Guid(f2c5071f3c70c1a41b462b61cbb161e5) Importer(815301076,1909f56bfc062723c751e8b465ee728b)
Start importing Assets/Thomas/Foliage/Shaded/sprite_0085.png using Guid(f2c5071f3c70c1a41b462b61cbb161e5) Importer(815301076,1909f56bfc062723c751e8b465ee728b)  -> (artifact id: '5c8a3ad62e7ddbe794053e4dac7af02c') in 0.084071 seconds 
========================================================================
Received Import Request.
  Time since last request: 0.000040 seconds.
  path: Assets/Thomas/Foliage/Shaded/sprite_0087.png
  artifactKey: Guid(716c9d2c8a67d294eaa320c8c6607ce9) Importer(815301076,1909f56bfc062723c751e8b465ee728b)
Start importing Assets/Thomas/Foliage/Shaded/sprite_0087.png using Guid(716c9d2c8a67d294eaa320c8c6607ce9) Importer(815301076,1909f56bfc062723c751e8b465ee728b)  -> (artifact id: '76af68432ec995f66c75430b01a10dc5') in 0.089750 seconds 
========================================================================
Received Import Request.
  Time since last request: 0.000029 seconds.
  path: Assets/Thomas/Foliage/Shaded/sprite_0061.png
  artifactKey: Guid(a459042f1f3580b419f880199a131cfd) Importer(815301076,1909f56bfc062723c751e8b465ee728b)
Start importing Assets/Thomas/Foliage/Shaded/sprite_0061.png using Guid(a459042f1f3580b419f880199a131cfd) Importer(815301076,1909f56bfc062723c751e8b465ee728b)  -> (artifact id: '7da249104c7777e80d602900548ca665') in 0.098729 seconds 
========================================================================
Received Import Request.
  Time since last request: 0.000032 seconds.
  path: Assets/Thomas/Foliage/Shaded/sprite_0054.png
  artifactKey: Guid(6e138dfd08568794dadf8a1cc9c2b9ec) Importer(815301076,1909f56bfc062723c751e8b465ee728b)
Start importing Assets/Thomas/Foliage/Shaded/sprite_0054.png using Guid(6e138dfd08568794dadf8a1cc9c2b9ec) Importer(815301076,1909f56bfc062723c751e8b465ee728b)  -> (artifact id: '1e69e0e30968898f782cc916f33131f5') in 0.077784 seconds 
========================================================================
Received Import Request.
  Time since last request: 0.000042 seconds.
  path: Assets/Thomas/Foliage/Shaded/sprite_0101.png
  artifactKey: Guid(2b8769ce9d7b95245aaa1b26132c010b) Importer(815301076,1909f56bfc062723c751e8b465ee728b)
Start importing Assets/Thomas/Foliage/Shaded/sprite_0101.png using Guid(2b8769ce9d7b95245aaa1b26132c010b) Importer(815301076,1909f56bfc062723c751e8b465ee728b)  -> (artifact id: '6cb936960dedb13ad6c9557e13d86671') in 0.096763 seconds 
========================================================================
Received Import Request.
  Time since last request: 0.000041 seconds.
  path: Assets/Thomas/Foliage/Shaded/sprite_0067.png
  artifactKey: Guid(21ff6f5119c07c0419213319ced85ef2) Importer(815301076,1909f56bfc062723c751e8b465ee728b)
Start importing Assets/Thomas/Foliage/Shaded/sprite_0067.png using Guid(21ff6f5119c07c0419213319ced85ef2) Importer(815301076,1909f56bfc062723c751e8b465ee728b)  -> (artifact id: '7aa24693b0f0fa5fa5dc793fe4253c68') in 0.088092 seconds 
========================================================================
Received Import Request.
  Time since last request: 0.000033 seconds.
  path: Assets/Thomas/Foliage/Shaded/sprite_0086.png
  artifactKey: Guid(a26ce16d88f0b9445b92f732e6f353be) Importer(815301076,1909f56bfc062723c751e8b465ee728b)
Start importing Assets/Thomas/Foliage/Shaded/sprite_0086.png using Guid(a26ce16d88f0b9445b92f732e6f353be) Importer(815301076,1909f56bfc062723c751e8b465ee728b)  -> (artifact id: 'c7507c990a84f43145fe7df763a4f5b3') in 0.076957 seconds 
========================================================================
Received Prepare
Registering precompiled user dll's ...
Registered in 0.008038 seconds.
Begin MonoManager ReloadAssembly
Native extension for WindowsStandalone target not found
Refreshing native plugins compatible for Editor in 1.71 ms, found 2 plugins.
Preloading 0 native plugins for Editor in 0.00 ms.
Mono: successfully reloaded assembly
- Completed reload, in  2.299 seconds
Domain Reload Profiling:
	ReloadAssembly (2300ms)
		BeginReloadAssembly (346ms)
			ExecutionOrderSort (0ms)
			DisableScriptedObjects (14ms)
			BackupInstance (0ms)
			ReleaseScriptingObjects (0ms)
			CreateAndSetChildDomain (63ms)
		EndReloadAssembly (1729ms)
			LoadAssemblies (253ms)
			RebuildTransferFunctionScriptingTraits (0ms)
			SetupTypeCache (423ms)
			ReleaseScriptCaches (2ms)
			RebuildScriptCaches (100ms)
			SetupLoadedEditorAssemblies (929ms)
				LogAssemblyErrors (0ms)
				InitializePlatformSupportModulesInManaged (10ms)
				SetLoadedEditorAssemblies (1ms)
				RefreshPlugins (2ms)
				BeforeProcessingInitializeOnLoad (149ms)
				ProcessInitializeOnLoadAttributes (431ms)
				ProcessInitializeOnLoadMethodAttributes (317ms)
				AfterProcessingInitializeOnLoad (18ms)
				EditorAssembliesLoaded (0ms)
			ExecutionOrderSort2 (0ms)
			AwakeInstancesAfterBackupRestoration (12ms)
Platform modules already initialized, skipping
Refreshing native plugins compatible for Editor in 12.84 ms, found 2 plugins.
Preloading 0 native plugins for Editor in 0.00 ms.
Unloading 2336 Unused Serialized files (Serialized files now loaded: 0)
Unloading 49 unused Assets / (33.4 KB). Loaded Objects now: 2792.
Memory consumption went from 93.7 MB to 93.6 MB.
Total: 11.100800 ms (FindLiveObjects: 0.248700 ms CreateObjectMapping: 0.122900 ms MarkObjects: 10.647200 ms  DeleteObjects: 0.080300 ms)

AssetImportParameters requested are different than current active one (requested -> active):
  custom:video-decoder-ogg-theora: a1e56fd34408186e4bbccfd4996cb3dc -> 
  custom:container-muxer-webm: aa71ff27fc2769a1b78a27578f13a17b -> 
  custom:container-demuxer-webm: 4f35f7cbe854078d1ac9338744f61a02 -> 
  custom:video-encoder-webm-vp8: eb34c28f22e8b96e1ab97ce403110664 -> 
  custom:audio-encoder-webm-vorbis: bf7c407c2cedff20999df2af8eb42d56 -> 
  custom:framework-win-MediaFoundation: 216162199b28c13a410421893ffa2e32 -> 
  custom:container-demuxer-ogg: 62fdf1f143b41e24485cea50d1cbac27 -> 
  custom:video-decoder-webm-vp8: 9c59270c3fd7afecdb556c50c9e8de78 -> 
  custom:audio-decoder-ogg-vorbis: bf7c407c2cedff20999df2af8eb42d56 -> 
========================================================================
Received Import Request.
  Time since last request: 323.105450 seconds.
  path: Assets/Thomas/Shader
  artifactKey: Guid(a6ff123b2ab42ed4e93461c3ad4fa47f) Importer(815301076,1909f56bfc062723c751e8b465ee728b)
Start importing Assets/Thomas/Shader using Guid(a6ff123b2ab42ed4e93461c3ad4fa47f) Importer(815301076,1909f56bfc062723c751e8b465ee728b)  -> (artifact id: 'b668b25c094381c280ece60bc28ab0fe') in 0.016566 seconds 
========================================================================
Received Import Request.
  Time since last request: 122.191232 seconds.
  path: Assets/Thomas/Animations
  artifactKey: Guid(7441d7872230d9e45a3a9be6165ee47f) Importer(815301076,1909f56bfc062723c751e8b465ee728b)
Start importing Assets/Thomas/Animations using Guid(7441d7872230d9e45a3a9be6165ee47f) Importer(815301076,1909f56bfc062723c751e8b465ee728b)  -> (artifact id: '1745e8aa931799da64a1d21f5dc32246') in 0.008990 seconds 
========================================================================
Received Import Request.
  Time since last request: 7.444115 seconds.
  path: Assets/Thomas/Animations/Foliage
  artifactKey: Guid(c8d8df58ff6e7d24a883e2d9a9bdce83) Importer(815301076,1909f56bfc062723c751e8b465ee728b)
Start importing Assets/Thomas/Animations/Foliage using Guid(c8d8df58ff6e7d24a883e2d9a9bdce83) Importer(815301076,1909f56bfc062723c751e8b465ee728b)  -> (artifact id: '185c30f5c05c572a06c088e3ba1aaf99') in 0.004808 seconds 
========================================================================
Received Import Request.
  Time since last request: 92.236641 seconds.
  path: Assets/Thomas/Animations/Foliage/Bush.anim
  artifactKey: Guid(fc8e38f604db07c45a1071f30dae598d) Importer(815301076,1909f56bfc062723c751e8b465ee728b)
Start importing Assets/Thomas/Animations/Foliage/Bush.anim using Guid(fc8e38f604db07c45a1071f30dae598d) Importer(815301076,1909f56bfc062723c751e8b465ee728b)  -> (artifact id: '943c6f643b31aa93ac0956b7b15d3bf7') in 0.027877 seconds 
========================================================================
Received Import Request.
  Time since last request: 3.346748 seconds.
  path: Assets/Thomas/Animations/Foliage/sprite_0096.controller
  artifactKey: Guid(ce550d1052d1b0849bd04ed858f2f3fa) Importer(815301076,1909f56bfc062723c751e8b465ee728b)
Start importing Assets/Thomas/Animations/Foliage/sprite_0096.controller using Guid(ce550d1052d1b0849bd04ed858f2f3fa) Importer(815301076,1909f56bfc062723c751e8b465ee728b)  -> (artifact id: '1220a984736814e781878e75262437db') in 0.007204 seconds 
========================================================================
Received Prepare
Registering precompiled user dll's ...
Registered in 0.010684 seconds.
Begin MonoManager ReloadAssembly
Native extension for WindowsStandalone target not found
Refreshing native plugins compatible for Editor in 1.53 ms, found 2 plugins.
Preloading 0 native plugins for Editor in 0.00 ms.
Mono: successfully reloaded assembly
- Completed reload, in  2.049 seconds
Domain Reload Profiling:
	ReloadAssembly (2050ms)
		BeginReloadAssembly (281ms)
			ExecutionOrderSort (0ms)
			DisableScriptedObjects (8ms)
			BackupInstance (0ms)
			ReleaseScriptingObjects (0ms)
			CreateAndSetChildDomain (49ms)
		EndReloadAssembly (1561ms)
			LoadAssemblies (223ms)
			RebuildTransferFunctionScriptingTraits (0ms)
			SetupTypeCache (378ms)
			ReleaseScriptCaches (2ms)
			RebuildScriptCaches (94ms)
			SetupLoadedEditorAssemblies (834ms)
				LogAssemblyErrors (0ms)
				InitializePlatformSupportModulesInManaged (11ms)
				SetLoadedEditorAssemblies (1ms)
				RefreshPlugins (2ms)
				BeforeProcessingInitializeOnLoad (136ms)
				ProcessInitializeOnLoadAttributes (392ms)
				ProcessInitializeOnLoadMethodAttributes (280ms)
				AfterProcessingInitializeOnLoad (13ms)
				EditorAssembliesLoaded (0ms)
			ExecutionOrderSort2 (0ms)
			AwakeInstancesAfterBackupRestoration (12ms)
Platform modules already initialized, skipping
Refreshing native plugins compatible for Editor in 18.61 ms, found 2 plugins.
Preloading 0 native plugins for Editor in 0.00 ms.
Unloading 2337 Unused Serialized files (Serialized files now loaded: 0)
Unloading 49 unused Assets / (401.8 KB). Loaded Objects now: 2796.
Memory consumption went from 94.6 MB to 94.2 MB.
Total: 14.101300 ms (FindLiveObjects: 0.267600 ms CreateObjectMapping: 0.169100 ms MarkObjects: 13.249800 ms  DeleteObjects: 0.413000 ms)

AssetImportParameters requested are different than current active one (requested -> active):
  custom:video-decoder-ogg-theora: a1e56fd34408186e4bbccfd4996cb3dc -> 
  custom:container-muxer-webm: aa71ff27fc2769a1b78a27578f13a17b -> 
  custom:container-demuxer-webm: 4f35f7cbe854078d1ac9338744f61a02 -> 
  custom:video-encoder-webm-vp8: eb34c28f22e8b96e1ab97ce403110664 -> 
  custom:audio-encoder-webm-vorbis: bf7c407c2cedff20999df2af8eb42d56 -> 
  custom:framework-win-MediaFoundation: 216162199b28c13a410421893ffa2e32 -> 
  custom:container-demuxer-ogg: 62fdf1f143b41e24485cea50d1cbac27 -> 
  custom:video-decoder-webm-vp8: 9c59270c3fd7afecdb556c50c9e8de78 -> 
  custom:audio-decoder-ogg-vorbis: bf7c407c2cedff20999df2af8eb42d56 -> 
========================================================================
Received Prepare
Registering precompiled user dll's ...
Registered in 0.008554 seconds.
Begin MonoManager ReloadAssembly
Native extension for WindowsStandalone target not found
Refreshing native plugins compatible for Editor in 1.45 ms, found 2 plugins.
Preloading 0 native plugins for Editor in 0.00 ms.
Mono: successfully reloaded assembly
- Completed reload, in  2.103 seconds
Domain Reload Profiling:
	ReloadAssembly (2104ms)
		BeginReloadAssembly (300ms)
			ExecutionOrderSort (0ms)
			DisableScriptedObjects (10ms)
			BackupInstance (0ms)
			ReleaseScriptingObjects (0ms)
			CreateAndSetChildDomain (72ms)
		EndReloadAssembly (1565ms)
			LoadAssemblies (206ms)
			RebuildTransferFunctionScriptingTraits (0ms)
			SetupTypeCache (374ms)
			ReleaseScriptCaches (2ms)
			RebuildScriptCaches (99ms)
			SetupLoadedEditorAssemblies (834ms)
				LogAssemblyErrors (0ms)
				InitializePlatformSupportModulesInManaged (13ms)
				SetLoadedEditorAssemblies (2ms)
				RefreshPlugins (2ms)
				BeforeProcessingInitializeOnLoad (135ms)
				ProcessInitializeOnLoadAttributes (373ms)
				ProcessInitializeOnLoadMethodAttributes (295ms)
				AfterProcessingInitializeOnLoad (15ms)
				EditorAssembliesLoaded (0ms)
			ExecutionOrderSort2 (0ms)
			AwakeInstancesAfterBackupRestoration (16ms)
Platform modules already initialized, skipping
Refreshing native plugins compatible for Editor in 11.56 ms, found 2 plugins.
Preloading 0 native plugins for Editor in 0.00 ms.
Unloading 2337 Unused Serialized files (Serialized files now loaded: 0)
Unloading 49 unused Assets / (401.8 KB). Loaded Objects now: 2799.
Memory consumption went from 94.6 MB to 94.2 MB.
Total: 8.952400 ms (FindLiveObjects: 0.231900 ms CreateObjectMapping: 0.083400 ms MarkObjects: 8.221700 ms  DeleteObjects: 0.413500 ms)

AssetImportParameters requested are different than current active one (requested -> active):
  custom:video-decoder-ogg-theora: a1e56fd34408186e4bbccfd4996cb3dc -> 
  custom:container-muxer-webm: aa71ff27fc2769a1b78a27578f13a17b -> 
  custom:container-demuxer-webm: 4f35f7cbe854078d1ac9338744f61a02 -> 
  custom:video-encoder-webm-vp8: eb34c28f22e8b96e1ab97ce403110664 -> 
  custom:audio-encoder-webm-vorbis: bf7c407c2cedff20999df2af8eb42d56 -> 
  custom:framework-win-MediaFoundation: 216162199b28c13a410421893ffa2e32 -> 
  custom:container-demuxer-ogg: 62fdf1f143b41e24485cea50d1cbac27 -> 
  custom:video-decoder-webm-vp8: 9c59270c3fd7afecdb556c50c9e8de78 -> 
  custom:audio-decoder-ogg-vorbis: bf7c407c2cedff20999df2af8eb42d56 -> 
========================================================================
Received Import Request.
  Time since last request: 276.605341 seconds.
  path: Assets/Thomas/Animations/Foliage/sprite_0090.controller
  artifactKey: Guid(58db3a1cca9381e4a80d232805f6dfa6) Importer(815301076,1909f56bfc062723c751e8b465ee728b)
Start importing Assets/Thomas/Animations/Foliage/sprite_0090.controller using Guid(58db3a1cca9381e4a80d232805f6dfa6) Importer(815301076,1909f56bfc062723c751e8b465ee728b)  -> (artifact id: '9a789bd93e307524702c7a17cdf35c96') in 0.025517 seconds 
========================================================================
Received Import Request.
  Time since last request: 1.148399 seconds.
  path: Assets/Thomas/Animations/Foliage/BushBig.anim
  artifactKey: Guid(c90e021fd69776e4596433d618dcce64) Importer(815301076,1909f56bfc062723c751e8b465ee728b)
Start importing Assets/Thomas/Animations/Foliage/BushBig.anim using Guid(c90e021fd69776e4596433d618dcce64) Importer(815301076,1909f56bfc062723c751e8b465ee728b)  -> (artifact id: '71f202533d7f54f7eeb7ea2b6dec8655') in 0.010922 seconds 
========================================================================
Received Prepare
Registering precompiled user dll's ...
Registered in 0.007025 seconds.
Begin MonoManager ReloadAssembly
Native extension for WindowsStandalone target not found
Refreshing native plugins compatible for Editor in 1.07 ms, found 2 plugins.
Preloading 0 native plugins for Editor in 0.00 ms.
Mono: successfully reloaded assembly
- Completed reload, in  2.080 seconds
Domain Reload Profiling:
	ReloadAssembly (2081ms)
		BeginReloadAssembly (287ms)
			ExecutionOrderSort (0ms)
			DisableScriptedObjects (10ms)
			BackupInstance (0ms)
			ReleaseScriptingObjects (0ms)
			CreateAndSetChildDomain (67ms)
		EndReloadAssembly (1592ms)
			LoadAssemblies (215ms)
			RebuildTransferFunctionScriptingTraits (0ms)
			SetupTypeCache (381ms)
			ReleaseScriptCaches (2ms)
			RebuildScriptCaches (93ms)
			SetupLoadedEditorAssemblies (850ms)
				LogAssemblyErrors (0ms)
				InitializePlatformSupportModulesInManaged (12ms)
				SetLoadedEditorAssemblies (1ms)
				RefreshPlugins (1ms)
				BeforeProcessingInitializeOnLoad (136ms)
				ProcessInitializeOnLoadAttributes (392ms)
				ProcessInitializeOnLoadMethodAttributes (291ms)
				AfterProcessingInitializeOnLoad (17ms)
				EditorAssembliesLoaded (0ms)
			ExecutionOrderSort2 (0ms)
			AwakeInstancesAfterBackupRestoration (14ms)
Platform modules already initialized, skipping
Refreshing native plugins compatible for Editor in 9.52 ms, found 2 plugins.
Preloading 0 native plugins for Editor in 0.00 ms.
Unloading 2337 Unused Serialized files (Serialized files now loaded: 0)
Unloading 49 unused Assets / (402.0 KB). Loaded Objects now: 2802.
Memory consumption went from 94.6 MB to 94.2 MB.
Total: 12.674100 ms (FindLiveObjects: 0.257400 ms CreateObjectMapping: 0.107900 ms MarkObjects: 11.965800 ms  DeleteObjects: 0.341700 ms)

AssetImportParameters requested are different than current active one (requested -> active):
  custom:video-decoder-ogg-theora: a1e56fd34408186e4bbccfd4996cb3dc -> 
  custom:container-muxer-webm: aa71ff27fc2769a1b78a27578f13a17b -> 
  custom:container-demuxer-webm: 4f35f7cbe854078d1ac9338744f61a02 -> 
  custom:video-encoder-webm-vp8: eb34c28f22e8b96e1ab97ce403110664 -> 
  custom:audio-encoder-webm-vorbis: bf7c407c2cedff20999df2af8eb42d56 -> 
  custom:framework-win-MediaFoundation: 216162199b28c13a410421893ffa2e32 -> 
  custom:container-demuxer-ogg: 62fdf1f143b41e24485cea50d1cbac27 -> 
  custom:video-decoder-webm-vp8: 9c59270c3fd7afecdb556c50c9e8de78 -> 
  custom:audio-decoder-ogg-vorbis: bf7c407c2cedff20999df2af8eb42d56 -> 
========================================================================
Received Prepare
Registering precompiled user dll's ...
Registered in 0.010709 seconds.
Begin MonoManager ReloadAssembly
Native extension for WindowsStandalone target not found
Refreshing native plugins compatible for Editor in 1.31 ms, found 2 plugins.
Preloading 0 native plugins for Editor in 0.00 ms.
Mono: successfully reloaded assembly
- Completed reload, in  2.116 seconds
Domain Reload Profiling:
	ReloadAssembly (2117ms)
		BeginReloadAssembly (337ms)
			ExecutionOrderSort (0ms)
			DisableScriptedObjects (11ms)
			BackupInstance (0ms)
			ReleaseScriptingObjects (0ms)
			CreateAndSetChildDomain (64ms)
		EndReloadAssembly (1575ms)
			LoadAssemblies (245ms)
			RebuildTransferFunctionScriptingTraits (0ms)
			SetupTypeCache (366ms)
			ReleaseScriptCaches (2ms)
			RebuildScriptCaches (98ms)
			SetupLoadedEditorAssemblies (857ms)
				LogAssemblyErrors (0ms)
				InitializePlatformSupportModulesInManaged (11ms)
				SetLoadedEditorAssemblies (1ms)
				RefreshPlugins (1ms)
				BeforeProcessingInitializeOnLoad (137ms)
				ProcessInitializeOnLoadAttributes (371ms)
				ProcessInitializeOnLoadMethodAttributes (316ms)
				AfterProcessingInitializeOnLoad (20ms)
				EditorAssembliesLoaded (0ms)
			ExecutionOrderSort2 (0ms)
			AwakeInstancesAfterBackupRestoration (13ms)
Platform modules already initialized, skipping
Refreshing native plugins compatible for Editor in 10.57 ms, found 2 plugins.
Preloading 0 native plugins for Editor in 0.00 ms.
Unloading 2337 Unused Serialized files (Serialized files now loaded: 0)
Unloading 49 unused Assets / (401.9 KB). Loaded Objects now: 2805.
Memory consumption went from 94.5 MB to 94.1 MB.
Total: 12.734400 ms (FindLiveObjects: 0.274500 ms CreateObjectMapping: 0.375800 ms MarkObjects: 11.726400 ms  DeleteObjects: 0.355900 ms)

AssetImportParameters requested are different than current active one (requested -> active):
  custom:video-decoder-ogg-theora: a1e56fd34408186e4bbccfd4996cb3dc -> 
  custom:container-muxer-webm: aa71ff27fc2769a1b78a27578f13a17b -> 
  custom:container-demuxer-webm: 4f35f7cbe854078d1ac9338744f61a02 -> 
  custom:video-encoder-webm-vp8: eb34c28f22e8b96e1ab97ce403110664 -> 
  custom:audio-encoder-webm-vorbis: bf7c407c2cedff20999df2af8eb42d56 -> 
  custom:framework-win-MediaFoundation: 216162199b28c13a410421893ffa2e32 -> 
  custom:container-demuxer-ogg: 62fdf1f143b41e24485cea50d1cbac27 -> 
  custom:video-decoder-webm-vp8: 9c59270c3fd7afecdb556c50c9e8de78 -> 
  custom:audio-decoder-ogg-vorbis: bf7c407c2cedff20999df2af8eb42d56 -> 
========================================================================
Received Import Request.
  Time since last request: 263.566268 seconds.
  path: Assets/Thomas/Foliage/Shaded/Materials/sprite_0052.mat
  artifactKey: Guid(517d4321fdfa62544b14f44e35f8aa31) Importer(815301076,1909f56bfc062723c751e8b465ee728b)
Start importing Assets/Thomas/Foliage/Shaded/Materials/sprite_0052.mat using Guid(517d4321fdfa62544b14f44e35f8aa31) Importer(815301076,1909f56bfc062723c751e8b465ee728b)  -> (artifact id: '85b4cb55febc38bb19eb9c72c687398c') in 0.126176 seconds 
========================================================================
Received Import Request.
  Time since last request: 0.000046 seconds.
  path: Assets/Thomas/Foliage/Shaded/Materials/sprite_0097.mat
  artifactKey: Guid(2e499464371999d44a53bffac559ce78) Importer(815301076,1909f56bfc062723c751e8b465ee728b)
Start importing Assets/Thomas/Foliage/Shaded/Materials/sprite_0097.mat using Guid(2e499464371999d44a53bffac559ce78) Importer(815301076,1909f56bfc062723c751e8b465ee728b)  -> (artifact id: '2ffbc3df480f9ffdd9d989fd90eb3555') in 0.043837 seconds 
